1680642816463	geckodriver	INFO	Listening on 127.0.0.1:36345
1680642816970	mozrunner::runner	INFO	Running command: "/usr/bin/firefox" "--marionette" "-headless" "--remote-debugging-port" "44593" "--remote-allow-hosts" "localhost" "-no-remote" "-profile" "/tmp/rust_mozprofileVHkFjo"
*** You are running in headless mode.
console.warn: services.settings: Ignoring preference override of remote settings server
console.warn: services.settings: Allow by setting MOZ_REMOTE_SETTINGS_DEVTOOLS=1 in the environment
1680642817723	Marionette	INFO	Marionette enabled
1680642817730	Marionette	INFO	Listening on port 37135
Read port: 37135
WebDriver BiDi listening on ws://127.0.0.1:44593
1680642817898	RemoteAgent	WARN	TLS certificate errors will be ignored for this session
[GFX1-]: RenderCompositorSWGL failed mapping default framebuffer, no dt
console.error: ({})
console.warn: SearchSettings: "get: No settings file exists, new profile?" (new NotFoundError("Could not open the file at /tmp/rust_mozprofileVHkFjo/search.json.mozlz4", (void 0)))
DevTools listening on ws://127.0.0.1:44593/devtools/browser/d1239af3-bb4a-4a5c-96b0-d39c82fdc252
1680642855631	geckodriver	INFO	Listening on 127.0.0.1:54431
1680642855637	mozrunner::runner	INFO	Running command: "/usr/bin/firefox" "--marionette" "-headless" "--remote-debugging-port" "44709" "--remote-allow-hosts" "localhost" "-no-remote" "-profile" "/tmp/rust_mozprofileEkZ15T"
*** You are running in headless mode.
console.warn: services.settings: Ignoring preference override of remote settings server
console.warn: services.settings: Allow by setting MOZ_REMOTE_SETTINGS_DEVTOOLS=1 in the environment
1680642855995	Marionette	INFO	Marionette enabled
1680642856001	Marionette	INFO	Listening on port 36925
Read port: 36925
WebDriver BiDi listening on ws://127.0.0.1:44709
1680642856098	RemoteAgent	WARN	TLS certificate errors will be ignored for this session
[GFX1-]: RenderCompositorSWGL failed mapping default framebuffer, no dt
console.error: ({})
console.warn: SearchSettings: "get: No settings file exists, new profile?" (new NotFoundError("Could not open the file at /tmp/rust_mozprofileEkZ15T/search.json.mozlz4", (void 0)))
DevTools listening on ws://127.0.0.1:44709/devtools/browser/e381d3a4-d21f-4fa4-b709-b2006cba8886
JavaScript warning: https://www.stepstone.de/mNryyHYAXUUX4i3ubz02gtza/Sup3mcQfma/PW0JTHkTAQ/KWsGQ/2UDCl8, line 1: unreachable code after return statement
JavaScript warning: https://www.stepstone.de/mNryyHYAXUUX4i3ubz02gtza/Sup3mcQfma/PW0JTHkTAQ/KWsGQ/2UDCl8, line 1: WEBGL_debug_renderer_info is deprecated in Firefox and will be removed. Please use RENDERER.
JavaScript warning: https://www.stepstone.de/mNryyHYAXUUX4i3ubz02gtza/Sup3mcQfma/PW0JTHkTAQ/KWsGQ/2UDCl8, line 1: unreachable code after return statement
JavaScript warning: https://www.stepstone.de/mNryyHYAXUUX4i3ubz02gtza/Sup3mcQfma/PW0JTHkTAQ/KWsGQ/2UDCl8, line 1: WEBGL_debug_renderer_info is deprecated in Firefox and will be removed. Please use RENDERER.
JavaScript warning: https://www.stepstone.de/mNryyHYAXUUX4i3ubz02gtza/Sup3mcQfma/PW0JTHkTAQ/KWsGQ/2UDCl8, line 1: unreachable code after return statement
JavaScript warning: https://www.stepstone.de/mNryyHYAXUUX4i3ubz02gtza/Sup3mcQfma/PW0JTHkTAQ/KWsGQ/2UDCl8, line 1: WEBGL_debug_renderer_info is deprecated in Firefox and will be removed. Please use RENDERER.
JavaScript warning: https://www.stepstone.de/mNryyHYAXUUX4i3ubz02gtza/Sup3mcQfma/PW0JTHkTAQ/KWsGQ/2UDCl8, line 1: unreachable code after return statement
JavaScript warning: https://www.stepstone.de/mNryyHYAXUUX4i3ubz02gtza/Sup3mcQfma/PW0JTHkTAQ/KWsGQ/2UDCl8, line 1: WEBGL_debug_renderer_info is deprecated in Firefox and will be removed. Please use RENDERER.
JavaScript warning: https://www.stepstone.de/mNryyHYAXUUX4i3ubz02gtza/Sup3mcQfma/PW0JTHkTAQ/KWsGQ/2UDCl8, line 1: unreachable code after return statement
JavaScript warning: https://www.stepstone.de/mNryyHYAXUUX4i3ubz02gtza/Sup3mcQfma/PW0JTHkTAQ/KWsGQ/2UDCl8, line 1: WEBGL_debug_renderer_info is deprecated in Firefox and will be removed. Please use RENDERER.
JavaScript warning: https://www.stepstone.de/mNryyHYAXUUX4i3ubz02gtza/Sup3mcQfma/PW0JTHkTAQ/KWsGQ/2UDCl8, line 1: unreachable code after return statement
JavaScript warning: https://www.stepstone.de/mNryyHYAXUUX4i3ubz02gtza/Sup3mcQfma/PW0JTHkTAQ/KWsGQ/2UDCl8, line 1: WEBGL_debug_renderer_info is deprecated in Firefox and will be removed. Please use RENDERER.
JavaScript warning: https://www.stepstone.de/mNryyHYAXUUX4i3ubz02gtza/Sup3mcQfma/PW0JTHkTAQ/KWsGQ/2UDCl8, line 1: unreachable code after return statement
JavaScript warning: https://www.stepstone.de/mNryyHYAXUUX4i3ubz02gtza/Sup3mcQfma/PW0JTHkTAQ/KWsGQ/2UDCl8, line 1: WEBGL_debug_renderer_info is deprecated in Firefox and will be removed. Please use RENDERER.
JavaScript warning: https://www.stepstone.de/mNryyHYAXUUX4i3ubz02gtza/Sup3mcQfma/PW0JTHkTAQ/KWsGQ/2UDCl8, line 1: unreachable code after return statement
JavaScript warning: https://www.stepstone.de/mNryyHYAXUUX4i3ubz02gtza/Sup3mcQfma/PW0JTHkTAQ/KWsGQ/2UDCl8, line 1: WEBGL_debug_renderer_info is deprecated in Firefox and will be removed. Please use RENDERER.
JavaScript warning: https://www.stepstone.de/mNryyHYAXUUX4i3ubz02gtza/Sup3mcQfma/PW0JTHkTAQ/KWsGQ/2UDCl8, line 1: unreachable code after return statement
JavaScript warning: https://www.stepstone.de/mNryyHYAXUUX4i3ubz02gtza/Sup3mcQfma/PW0JTHkTAQ/KWsGQ/2UDCl8, line 1: WEBGL_debug_renderer_info is deprecated in Firefox and will be removed. Please use RENDERER.
JavaScript warning: https://www.stepstone.de/mNryyHYAXUUX4i3ubz02gtza/Sup3mcQfma/PW0JTHkTAQ/KWsGQ/2UDCl8, line 1: unreachable code after return statement
JavaScript warning: https://www.stepstone.de/mNryyHYAXUUX4i3ubz02gtza/Sup3mcQfma/PW0JTHkTAQ/KWsGQ/2UDCl8, line 1: WEBGL_debug_renderer_info is deprecated in Firefox and will be removed. Please use RENDERER.
JavaScript warning: https://www.stepstone.de/mNryyHYAXUUX4i3ubz02gtza/Sup3mcQfma/PW0JTHkTAQ/KWsGQ/2UDCl8, line 1: unreachable code after return statement
JavaScript warning: https://www.stepstone.de/mNryyHYAXUUX4i3ubz02gtza/Sup3mcQfma/PW0JTHkTAQ/KWsGQ/2UDCl8, line 1: WEBGL_debug_renderer_info is deprecated in Firefox and will be removed. Please use RENDERER.
JavaScript warning: https://www.stepstone.de/mNryyHYAXUUX4i3ubz02gtza/Sup3mcQfma/PW0JTHkTAQ/KWsGQ/2UDCl8, line 1: unreachable code after return statement
JavaScript warning: https://www.stepstone.de/mNryyHYAXUUX4i3ubz02gtza/Sup3mcQfma/PW0JTHkTAQ/KWsGQ/2UDCl8, line 1: WEBGL_debug_renderer_info is deprecated in Firefox and will be removed. Please use RENDERER.
JavaScript warning: https://www.stepstone.de/mNryyHYAXUUX4i3ubz02gtza/Sup3mcQfma/PW0JTHkTAQ/KWsGQ/2UDCl8, line 1: unreachable code after return statement
JavaScript warning: https://www.stepstone.de/mNryyHYAXUUX4i3ubz02gtza/Sup3mcQfma/PW0JTHkTAQ/KWsGQ/2UDCl8, line 1: WEBGL_debug_renderer_info is deprecated in Firefox and will be removed. Please use RENDERER.
JavaScript warning: https://www.stepstone.de/mNryyHYAXUUX4i3ubz02gtza/Sup3mcQfma/PW0JTHkTAQ/KWsGQ/2UDCl8, line 1: unreachable code after return statement
JavaScript warning: https://www.stepstone.de/mNryyHYAXUUX4i3ubz02gtza/Sup3mcQfma/PW0JTHkTAQ/KWsGQ/2UDCl8, line 1: WEBGL_debug_renderer_info is deprecated in Firefox and will be removed. Please use RENDERER.
JavaScript warning: https://www.stepstone.de/mNryyHYAXUUX4i3ubz02gtza/Sup3mcQfma/PW0JTHkTAQ/KWsGQ/2UDCl8, line 1: unreachable code after return statement
JavaScript warning: https://www.stepstone.de/mNryyHYAXUUX4i3ubz02gtza/Sup3mcQfma/PW0JTHkTAQ/KWsGQ/2UDCl8, line 1: WEBGL_debug_renderer_info is deprecated in Firefox and will be removed. Please use RENDERER.
JavaScript warning: https://www.stepstone.de/mNryyHYAXUUX4i3ubz02gtza/Sup3mcQfma/PW0JTHkTAQ/KWsGQ/2UDCl8, line 1: unreachable code after return statement
JavaScript warning: https://www.stepstone.de/mNryyHYAXUUX4i3ubz02gtza/Sup3mcQfma/PW0JTHkTAQ/KWsGQ/2UDCl8, line 1: WEBGL_debug_renderer_info is deprecated in Firefox and will be removed. Please use RENDERER.
JavaScript warning: https://www.stepstone.de/mNryyHYAXUUX4i3ubz02gtza/Sup3mcQfma/PW0JTHkTAQ/KWsGQ/2UDCl8, line 1: unreachable code after return statement
JavaScript warning: https://www.stepstone.de/mNryyHYAXUUX4i3ubz02gtza/Sup3mcQfma/PW0JTHkTAQ/KWsGQ/2UDCl8, line 1: WEBGL_debug_renderer_info is deprecated in Firefox and will be removed. Please use RENDERER.
JavaScript warning: https://www.stepstone.de/mNryyHYAXUUX4i3ubz02gtza/Sup3mcQfma/PW0JTHkTAQ/KWsGQ/2UDCl8, line 1: unreachable code after return statement
JavaScript warning: https://www.stepstone.de/mNryyHYAXUUX4i3ubz02gtza/Sup3mcQfma/PW0JTHkTAQ/KWsGQ/2UDCl8, line 1: WEBGL_debug_renderer_info is deprecated in Firefox and will be removed. Please use RENDERER.
JavaScript warning: https://www.stepstone.de/mNryyHYAXUUX4i3ubz02gtza/Sup3mcQfma/PW0JTHkTAQ/KWsGQ/2UDCl8, line 1: unreachable code after return statement
JavaScript warning: https://www.stepstone.de/mNryyHYAXUUX4i3ubz02gtza/Sup3mcQfma/PW0JTHkTAQ/KWsGQ/2UDCl8, line 1: WEBGL_debug_renderer_info is deprecated in Firefox and will be removed. Please use RENDERER.
JavaScript warning: https://www.stepstone.de/mNryyHYAXUUX4i3ubz02gtza/Sup3mcQfma/PW0JTHkTAQ/KWsGQ/2UDCl8, line 1: unreachable code after return statement
JavaScript warning: https://www.stepstone.de/mNryyHYAXUUX4i3ubz02gtza/Sup3mcQfma/PW0JTHkTAQ/KWsGQ/2UDCl8, line 1: WEBGL_debug_renderer_info is deprecated in Firefox and will be removed. Please use RENDERER.
JavaScript warning: https://www.stepstone.de/mNryyHYAXUUX4i3ubz02gtza/Sup3mcQfma/PW0JTHkTAQ/KWsGQ/2UDCl8, line 1: unreachable code after return statement
JavaScript warning: https://www.stepstone.de/mNryyHYAXUUX4i3ubz02gtza/Sup3mcQfma/PW0JTHkTAQ/KWsGQ/2UDCl8, line 1: WEBGL_debug_renderer_info is deprecated in Firefox and will be removed. Please use RENDERER.
JavaScript warning: https://www.stepstone.de/mNryyHYAXUUX4i3ubz02gtza/Sup3mcQfma/PW0JTHkTAQ/KWsGQ/2UDCl8, line 1: unreachable code after return statement
JavaScript warning: https://www.stepstone.de/mNryyHYAXUUX4i3ubz02gtza/Sup3mcQfma/PW0JTHkTAQ/KWsGQ/2UDCl8, line 1: WEBGL_debug_renderer_info is deprecated in Firefox and will be removed. Please use RENDERER.
JavaScript warning: https://www.stepstone.de/mNryyHYAXUUX4i3ubz02gtza/Sup3mcQfma/PW0JTHkTAQ/KWsGQ/2UDCl8, line 1: unreachable code after return statement
JavaScript warning: https://www.stepstone.de/mNryyHYAXUUX4i3ubz02gtza/Sup3mcQfma/PW0JTHkTAQ/KWsGQ/2UDCl8, line 1: WEBGL_debug_renderer_info is deprecated in Firefox and will be removed. Please use RENDERER.
JavaScript warning: https://www.stepstone.de/mNryyHYAXUUX4i3ubz02gtza/Sup3mcQfma/PW0JTHkTAQ/KWsGQ/2UDCl8, line 1: unreachable code after return statement
JavaScript warning: https://www.stepstone.de/mNryyHYAXUUX4i3ubz02gtza/Sup3mcQfma/PW0JTHkTAQ/KWsGQ/2UDCl8, line 1: WEBGL_debug_renderer_info is deprecated in Firefox and will be removed. Please use RENDERER.
JavaScript warning: https://www.stepstone.de/mNryyHYAXUUX4i3ubz02gtza/Sup3mcQfma/PW0JTHkTAQ/KWsGQ/2UDCl8, line 1: unreachable code after return statement
JavaScript warning: https://www.stepstone.de/mNryyHYAXUUX4i3ubz02gtza/Sup3mcQfma/PW0JTHkTAQ/KWsGQ/2UDCl8, line 1: WEBGL_debug_renderer_info is deprecated in Firefox and will be removed. Please use RENDERER.
JavaScript warning: https://www.stepstone.de/mNryyHYAXUUX4i3ubz02gtza/Sup3mcQfma/PW0JTHkTAQ/KWsGQ/2UDCl8, line 1: unreachable code after return statement
JavaScript warning: https://www.stepstone.de/mNryyHYAXUUX4i3ubz02gtza/Sup3mcQfma/PW0JTHkTAQ/KWsGQ/2UDCl8, line 1: WEBGL_debug_renderer_info is deprecated in Firefox and will be removed. Please use RENDERER.
JavaScript warning: https://www.stepstone.de/mNryyHYAXUUX4i3ubz02gtza/Sup3mcQfma/PW0JTHkTAQ/KWsGQ/2UDCl8, line 1: unreachable code after return statement
JavaScript warning: https://www.stepstone.de/mNryyHYAXUUX4i3ubz02gtza/Sup3mcQfma/PW0JTHkTAQ/KWsGQ/2UDCl8, line 1: WEBGL_debug_renderer_info is deprecated in Firefox and will be removed. Please use RENDERER.
JavaScript warning: https://www.stepstone.de/mNryyHYAXUUX4i3ubz02gtza/Sup3mcQfma/PW0JTHkTAQ/KWsGQ/2UDCl8, line 1: unreachable code after return statement
JavaScript warning: https://www.stepstone.de/mNryyHYAXUUX4i3ubz02gtza/Sup3mcQfma/PW0JTHkTAQ/KWsGQ/2UDCl8, line 1: WEBGL_debug_renderer_info is deprecated in Firefox and will be removed. Please use RENDERER.
JavaScript warning: https://www.stepstone.de/mNryyHYAXUUX4i3ubz02gtza/Sup3mcQfma/PW0JTHkTAQ/KWsGQ/2UDCl8, line 1: unreachable code after return statement
JavaScript warning: https://www.stepstone.de/mNryyHYAXUUX4i3ubz02gtza/Sup3mcQfma/PW0JTHkTAQ/KWsGQ/2UDCl8, line 1: WEBGL_debug_renderer_info is deprecated in Firefox and will be removed. Please use RENDERER.
JavaScript warning: https://www.stepstone.de/mNryyHYAXUUX4i3ubz02gtza/Sup3mcQfma/PW0JTHkTAQ/KWsGQ/2UDCl8, line 1: unreachable code after return statement
JavaScript warning: https://www.stepstone.de/mNryyHYAXUUX4i3ubz02gtza/Sup3mcQfma/PW0JTHkTAQ/KWsGQ/2UDCl8, line 1: WEBGL_debug_renderer_info is deprecated in Firefox and will be removed. Please use RENDERER.
JavaScript warning: https://www.stepstone.de/mNryyHYAXUUX4i3ubz02gtza/Sup3mcQfma/PW0JTHkTAQ/KWsGQ/2UDCl8, line 1: unreachable code after return statement
JavaScript warning: https://www.stepstone.de/mNryyHYAXUUX4i3ubz02gtza/Sup3mcQfma/PW0JTHkTAQ/KWsGQ/2UDCl8, line 1: WEBGL_debug_renderer_info is deprecated in Firefox and will be removed. Please use RENDERER.
JavaScript warning: https://www.stepstone.de/mNryyHYAXUUX4i3ubz02gtza/Sup3mcQfma/PW0JTHkTAQ/KWsGQ/2UDCl8, line 1: unreachable code after return statement
JavaScript warning: https://www.stepstone.de/mNryyHYAXUUX4i3ubz02gtza/Sup3mcQfma/PW0JTHkTAQ/KWsGQ/2UDCl8, line 1: WEBGL_debug_renderer_info is deprecated in Firefox and will be removed. Please use RENDERER.
JavaScript warning: https://www.stepstone.de/mNryyHYAXUUX4i3ubz02gtza/Sup3mcQfma/PW0JTHkTAQ/KWsGQ/2UDCl8, line 1: unreachable code after return statement
JavaScript warning: https://www.stepstone.de/mNryyHYAXUUX4i3ubz02gtza/Sup3mcQfma/PW0JTHkTAQ/KWsGQ/2UDCl8, line 1: WEBGL_debug_renderer_info is deprecated in Firefox and will be removed. Please use RENDERER.
JavaScript warning: https://www.stepstone.de/mNryyHYAXUUX4i3ubz02gtza/Sup3mcQfma/PW0JTHkTAQ/KWsGQ/2UDCl8, line 1: unreachable code after return statement
JavaScript warning: https://www.stepstone.de/mNryyHYAXUUX4i3ubz02gtza/Sup3mcQfma/PW0JTHkTAQ/KWsGQ/2UDCl8, line 1: WEBGL_debug_renderer_info is deprecated in Firefox and will be removed. Please use RENDERER.
JavaScript warning: https://www.stepstone.de/mNryyHYAXUUX4i3ubz02gtza/Sup3mcQfma/PW0JTHkTAQ/KWsGQ/2UDCl8, line 1: unreachable code after return statement
JavaScript warning: https://www.stepstone.de/mNryyHYAXUUX4i3ubz02gtza/Sup3mcQfma/PW0JTHkTAQ/KWsGQ/2UDCl8, line 1: WEBGL_debug_renderer_info is deprecated in Firefox and will be removed. Please use RENDERER.
JavaScript warning: https://www.stepstone.de/mNryyHYAXUUX4i3ubz02gtza/Sup3mcQfma/PW0JTHkTAQ/KWsGQ/2UDCl8, line 1: unreachable code after return statement
JavaScript warning: https://www.stepstone.de/mNryyHYAXUUX4i3ubz02gtza/Sup3mcQfma/PW0JTHkTAQ/KWsGQ/2UDCl8, line 1: WEBGL_debug_renderer_info is deprecated in Firefox and will be removed. Please use RENDERER.
JavaScript warning: https://www.stepstone.de/mNryyHYAXUUX4i3ubz02gtza/Sup3mcQfma/PW0JTHkTAQ/KWsGQ/2UDCl8, line 1: unreachable code after return statement
JavaScript warning: https://www.stepstone.de/mNryyHYAXUUX4i3ubz02gtza/Sup3mcQfma/PW0JTHkTAQ/KWsGQ/2UDCl8, line 1: WEBGL_debug_renderer_info is deprecated in Firefox and will be removed. Please use RENDERER.
JavaScript warning: https://www.stepstone.de/mNryyHYAXUUX4i3ubz02gtza/Sup3mcQfma/PW0JTHkTAQ/KWsGQ/2UDCl8, line 1: unreachable code after return statement
JavaScript warning: https://www.stepstone.de/mNryyHYAXUUX4i3ubz02gtza/Sup3mcQfma/PW0JTHkTAQ/KWsGQ/2UDCl8, line 1: WEBGL_debug_renderer_info is deprecated in Firefox and will be removed. Please use RENDERER.
JavaScript warning: https://www.stepstone.de/mNryyHYAXUUX4i3ubz02gtza/Sup3mcQfma/PW0JTHkTAQ/KWsGQ/2UDCl8, line 1: unreachable code after return statement
JavaScript warning: https://www.stepstone.de/mNryyHYAXUUX4i3ubz02gtza/Sup3mcQfma/PW0JTHkTAQ/KWsGQ/2UDCl8, line 1: WEBGL_debug_renderer_info is deprecated in Firefox and will be removed. Please use RENDERER.
JavaScript warning: https://www.stepstone.de/mNryyHYAXUUX4i3ubz02gtza/Sup3mcQfma/PW0JTHkTAQ/KWsGQ/2UDCl8, line 1: unreachable code after return statement
JavaScript warning: https://www.stepstone.de/mNryyHYAXUUX4i3ubz02gtza/Sup3mcQfma/PW0JTHkTAQ/KWsGQ/2UDCl8, line 1: WEBGL_debug_renderer_info is deprecated in Firefox and will be removed. Please use RENDERER.
JavaScript warning: https://www.stepstone.de/mNryyHYAXUUX4i3ubz02gtza/Sup3mcQfma/PW0JTHkTAQ/KWsGQ/2UDCl8, line 1: unreachable code after return statement
JavaScript warning: https://www.stepstone.de/mNryyHYAXUUX4i3ubz02gtza/Sup3mcQfma/PW0JTHkTAQ/KWsGQ/2UDCl8, line 1: WEBGL_debug_renderer_info is deprecated in Firefox and will be removed. Please use RENDERER.
JavaScript warning: https://www.stepstone.de/mNryyHYAXUUX4i3ubz02gtza/Sup3mcQfma/PW0JTHkTAQ/KWsGQ/2UDCl8, line 1: unreachable code after return statement
JavaScript warning: https://www.stepstone.de/mNryyHYAXUUX4i3ubz02gtza/Sup3mcQfma/PW0JTHkTAQ/KWsGQ/2UDCl8, line 1: WEBGL_debug_renderer_info is deprecated in Firefox and will be removed. Please use RENDERER.
JavaScript warning: https://www.stepstone.de/mNryyHYAXUUX4i3ubz02gtza/Sup3mcQfma/PW0JTHkTAQ/KWsGQ/2UDCl8, line 1: unreachable code after return statement
JavaScript warning: https://www.stepstone.de/mNryyHYAXUUX4i3ubz02gtza/Sup3mcQfma/PW0JTHkTAQ/KWsGQ/2UDCl8, line 1: WEBGL_debug_renderer_info is deprecated in Firefox and will be removed. Please use RENDERER.
JavaScript warning: https://www.stepstone.de/mNryyHYAXUUX4i3ubz02gtza/Sup3mcQfma/PW0JTHkTAQ/KWsGQ/2UDCl8, line 1: unreachable code after return statement
JavaScript warning: https://www.stepstone.de/mNryyHYAXUUX4i3ubz02gtza/Sup3mcQfma/PW0JTHkTAQ/KWsGQ/2UDCl8, line 1: WEBGL_debug_renderer_info is deprecated in Firefox and will be removed. Please use RENDERER.
JavaScript warning: https://www.stepstone.de/mNryyHYAXUUX4i3ubz02gtza/Sup3mcQfma/PW0JTHkTAQ/KWsGQ/2UDCl8, line 1: unreachable code after return statement
JavaScript warning: https://www.stepstone.de/mNryyHYAXUUX4i3ubz02gtza/Sup3mcQfma/PW0JTHkTAQ/KWsGQ/2UDCl8, line 1: WEBGL_debug_renderer_info is deprecated in Firefox and will be removed. Please use RENDERER.
JavaScript warning: https://www.stepstone.de/mNryyHYAXUUX4i3ubz02gtza/Sup3mcQfma/PW0JTHkTAQ/KWsGQ/2UDCl8, line 1: unreachable code after return statement
JavaScript warning: https://www.stepstone.de/mNryyHYAXUUX4i3ubz02gtza/Sup3mcQfma/PW0JTHkTAQ/KWsGQ/2UDCl8, line 1: WEBGL_debug_renderer_info is deprecated in Firefox and will be removed. Please use RENDERER.
JavaScript warning: https://www.stepstone.de/mNryyHYAXUUX4i3ubz02gtza/Sup3mcQfma/PW0JTHkTAQ/KWsGQ/2UDCl8, line 1: unreachable code after return statement
JavaScript warning: https://www.stepstone.de/mNryyHYAXUUX4i3ubz02gtza/Sup3mcQfma/PW0JTHkTAQ/KWsGQ/2UDCl8, line 1: WEBGL_debug_renderer_info is deprecated in Firefox and will be removed. Please use RENDERER.
JavaScript warning: https://www.stepstone.de/mNryyHYAXUUX4i3ubz02gtza/Sup3mcQfma/PW0JTHkTAQ/KWsGQ/2UDCl8, line 1: unreachable code after return statement
JavaScript warning: https://www.stepstone.de/mNryyHYAXUUX4i3ubz02gtza/Sup3mcQfma/PW0JTHkTAQ/KWsGQ/2UDCl8, line 1: WEBGL_debug_renderer_info is deprecated in Firefox and will be removed. Please use RENDERER.
JavaScript warning: https://www.stepstone.de/mNryyHYAXUUX4i3ubz02gtza/Sup3mcQfma/PW0JTHkTAQ/KWsGQ/2UDCl8, line 1: unreachable code after return statement
JavaScript warning: https://www.stepstone.de/mNryyHYAXUUX4i3ubz02gtza/Sup3mcQfma/PW0JTHkTAQ/KWsGQ/2UDCl8, line 1: WEBGL_debug_renderer_info is deprecated in Firefox and will be removed. Please use RENDERER.
JavaScript warning: https://www.stepstone.de/mNryyHYAXUUX4i3ubz02gtza/Sup3mcQfma/PW0JTHkTAQ/KWsGQ/2UDCl8, line 1: unreachable code after return statement
JavaScript warning: https://www.stepstone.de/mNryyHYAXUUX4i3ubz02gtza/Sup3mcQfma/PW0JTHkTAQ/KWsGQ/2UDCl8, line 1: WEBGL_debug_renderer_info is deprecated in Firefox and will be removed. Please use RENDERER.
JavaScript warning: https://www.stepstone.de/mNryyHYAXUUX4i3ubz02gtza/Sup3mcQfma/PW0JTHkTAQ/KWsGQ/2UDCl8, line 1: unreachable code after return statement
JavaScript warning: https://www.stepstone.de/mNryyHYAXUUX4i3ubz02gtza/Sup3mcQfma/PW0JTHkTAQ/KWsGQ/2UDCl8, line 1: WEBGL_debug_renderer_info is deprecated in Firefox and will be removed. Please use RENDERER.
JavaScript warning: https://www.stepstone.de/mNryyHYAXUUX4i3ubz02gtza/Sup3mcQfma/PW0JTHkTAQ/KWsGQ/2UDCl8, line 1: unreachable code after return statement
JavaScript warning: https://www.stepstone.de/mNryyHYAXUUX4i3ubz02gtza/Sup3mcQfma/PW0JTHkTAQ/KWsGQ/2UDCl8, line 1: WEBGL_debug_renderer_info is deprecated in Firefox and will be removed. Please use RENDERER.
JavaScript warning: https://www.stepstone.de/mNryyHYAXUUX4i3ubz02gtza/Sup3mcQfma/PW0JTHkTAQ/KWsGQ/2UDCl8, line 1: unreachable code after return statement
JavaScript warning: https://www.stepstone.de/mNryyHYAXUUX4i3ubz02gtza/Sup3mcQfma/PW0JTHkTAQ/KWsGQ/2UDCl8, line 1: WEBGL_debug_renderer_info is deprecated in Firefox and will be removed. Please use RENDERER.
JavaScript warning: https://www.stepstone.de/mNryyHYAXUUX4i3ubz02gtza/Sup3mcQfma/PW0JTHkTAQ/KWsGQ/2UDCl8, line 1: unreachable code after return statement
JavaScript warning: https://www.stepstone.de/mNryyHYAXUUX4i3ubz02gtza/Sup3mcQfma/PW0JTHkTAQ/KWsGQ/2UDCl8, line 1: WEBGL_debug_renderer_info is deprecated in Firefox and will be removed. Please use RENDERER.
JavaScript warning: https://www.stepstone.de/mNryyHYAXUUX4i3ubz02gtza/Sup3mcQfma/PW0JTHkTAQ/KWsGQ/2UDCl8, line 1: unreachable code after return statement
JavaScript warning: https://www.stepstone.de/mNryyHYAXUUX4i3ubz02gtza/Sup3mcQfma/PW0JTHkTAQ/KWsGQ/2UDCl8, line 1: WEBGL_debug_renderer_info is deprecated in Firefox and will be removed. Please use RENDERER.
JavaScript warning: https://www.stepstone.de/mNryyHYAXUUX4i3ubz02gtza/Sup3mcQfma/PW0JTHkTAQ/KWsGQ/2UDCl8, line 1: unreachable code after return statement
JavaScript warning: https://www.stepstone.de/mNryyHYAXUUX4i3ubz02gtza/Sup3mcQfma/PW0JTHkTAQ/KWsGQ/2UDCl8, line 1: WEBGL_debug_renderer_info is deprecated in Firefox and will be removed. Please use RENDERER.
JavaScript warning: https://www.stepstone.de/mNryyHYAXUUX4i3ubz02gtza/Sup3mcQfma/PW0JTHkTAQ/KWsGQ/2UDCl8, line 1: unreachable code after return statement
JavaScript warning: https://www.stepstone.de/mNryyHYAXUUX4i3ubz02gtza/Sup3mcQfma/PW0JTHkTAQ/KWsGQ/2UDCl8, line 1: WEBGL_debug_renderer_info is deprecated in Firefox and will be removed. Please use RENDERER.
JavaScript warning: https://www.stepstone.de/mNryyHYAXUUX4i3ubz02gtza/Sup3mcQfma/PW0JTHkTAQ/KWsGQ/2UDCl8, line 1: unreachable code after return statement
JavaScript warning: https://www.stepstone.de/mNryyHYAXUUX4i3ubz02gtza/Sup3mcQfma/PW0JTHkTAQ/KWsGQ/2UDCl8, line 1: WEBGL_debug_renderer_info is deprecated in Firefox and will be removed. Please use RENDERER.
JavaScript warning: https://www.stepstone.de/mNryyHYAXUUX4i3ubz02gtza/Sup3mcQfma/PW0JTHkTAQ/KWsGQ/2UDCl8, line 1: unreachable code after return statement
JavaScript warning: https://www.stepstone.de/mNryyHYAXUUX4i3ubz02gtza/Sup3mcQfma/PW0JTHkTAQ/KWsGQ/2UDCl8, line 1: WEBGL_debug_renderer_info is deprecated in Firefox and will be removed. Please use RENDERER.
JavaScript warning: https://www.stepstone.de/mNryyHYAXUUX4i3ubz02gtza/Sup3mcQfma/PW0JTHkTAQ/KWsGQ/2UDCl8, line 1: unreachable code after return statement
JavaScript warning: https://www.stepstone.de/mNryyHYAXUUX4i3ubz02gtza/Sup3mcQfma/PW0JTHkTAQ/KWsGQ/2UDCl8, line 1: WEBGL_debug_renderer_info is deprecated in Firefox and will be removed. Please use RENDERER.
JavaScript warning: https://www.stepstone.de/mNryyHYAXUUX4i3ubz02gtza/Sup3mcQfma/PW0JTHkTAQ/KWsGQ/2UDCl8, line 1: unreachable code after return statement
JavaScript warning: https://www.stepstone.de/mNryyHYAXUUX4i3ubz02gtza/Sup3mcQfma/PW0JTHkTAQ/KWsGQ/2UDCl8, line 1: WEBGL_debug_renderer_info is deprecated in Firefox and will be removed. Please use RENDERER.
JavaScript warning: https://www.stepstone.de/mNryyHYAXUUX4i3ubz02gtza/Sup3mcQfma/PW0JTHkTAQ/KWsGQ/2UDCl8, line 1: unreachable code after return statement
JavaScript warning: https://www.stepstone.de/mNryyHYAXUUX4i3ubz02gtza/Sup3mcQfma/PW0JTHkTAQ/KWsGQ/2UDCl8, line 1: WEBGL_debug_renderer_info is deprecated in Firefox and will be removed. Please use RENDERER.
JavaScript warning: https://www.stepstone.de/mNryyHYAXUUX4i3ubz02gtza/Sup3mcQfma/PW0JTHkTAQ/KWsGQ/2UDCl8, line 1: unreachable code after return statement
JavaScript warning: https://www.stepstone.de/mNryyHYAXUUX4i3ubz02gtza/Sup3mcQfma/PW0JTHkTAQ/KWsGQ/2UDCl8, line 1: WEBGL_debug_renderer_info is deprecated in Firefox and will be removed. Please use RENDERER.
JavaScript warning: https://www.stepstone.de/mNryyHYAXUUX4i3ubz02gtza/Sup3mcQfma/PW0JTHkTAQ/KWsGQ/2UDCl8, line 1: unreachable code after return statement
JavaScript warning: https://www.stepstone.de/mNryyHYAXUUX4i3ubz02gtza/Sup3mcQfma/PW0JTHkTAQ/KWsGQ/2UDCl8, line 1: WEBGL_debug_renderer_info is deprecated in Firefox and will be removed. Please use RENDERER.
JavaScript warning: https://www.stepstone.de/mNryyHYAXUUX4i3ubz02gtza/Sup3mcQfma/PW0JTHkTAQ/KWsGQ/2UDCl8, line 1: unreachable code after return statement
JavaScript warning: https://www.stepstone.de/mNryyHYAXUUX4i3ubz02gtza/Sup3mcQfma/PW0JTHkTAQ/KWsGQ/2UDCl8, line 1: WEBGL_debug_renderer_info is deprecated in Firefox and will be removed. Please use RENDERER.
JavaScript warning: https://www.stepstone.de/mNryyHYAXUUX4i3ubz02gtza/Sup3mcQfma/PW0JTHkTAQ/KWsGQ/2UDCl8, line 1: unreachable code after return statement
JavaScript warning: https://www.stepstone.de/mNryyHYAXUUX4i3ubz02gtza/Sup3mcQfma/PW0JTHkTAQ/KWsGQ/2UDCl8, line 1: WEBGL_debug_renderer_info is deprecated in Firefox and will be removed. Please use RENDERER.
JavaScript warning: https://www.stepstone.de/mNryyHYAXUUX4i3ubz02gtza/Sup3mcQfma/PW0JTHkTAQ/KWsGQ/2UDCl8, line 1: unreachable code after return statement
JavaScript warning: https://www.stepstone.de/mNryyHYAXUUX4i3ubz02gtza/Sup3mcQfma/PW0JTHkTAQ/KWsGQ/2UDCl8, line 1: WEBGL_debug_renderer_info is deprecated in Firefox and will be removed. Please use RENDERER.
console.error: "update.locale" " file doesn't exist in either the application or GRE directories"
JavaScript warning: https://www.stepstone.de/mNryyHYAXUUX4i3ubz02gtza/Sup3mcQfma/PW0JTHkTAQ/KWsGQ/2UDCl8, line 1: unreachable code after return statement
JavaScript warning: https://www.stepstone.de/mNryyHYAXUUX4i3ubz02gtza/Sup3mcQfma/PW0JTHkTAQ/KWsGQ/2UDCl8, line 1: WEBGL_debug_renderer_info is deprecated in Firefox and will be removed. Please use RENDERER.
JavaScript warning: https://www.stepstone.de/mNryyHYAXUUX4i3ubz02gtza/Sup3mcQfma/PW0JTHkTAQ/KWsGQ/2UDCl8, line 1: unreachable code after return statement
JavaScript warning: https://www.stepstone.de/mNryyHYAXUUX4i3ubz02gtza/Sup3mcQfma/PW0JTHkTAQ/KWsGQ/2UDCl8, line 1: WEBGL_debug_renderer_info is deprecated in Firefox and will be removed. Please use RENDERER.
JavaScript warning: https://www.stepstone.de/mNryyHYAXUUX4i3ubz02gtza/Sup3mcQfma/PW0JTHkTAQ/KWsGQ/2UDCl8, line 1: unreachable code after return statement
JavaScript warning: https://www.stepstone.de/mNryyHYAXUUX4i3ubz02gtza/Sup3mcQfma/PW0JTHkTAQ/KWsGQ/2UDCl8, line 1: WEBGL_debug_renderer_info is deprecated in Firefox and will be removed. Please use RENDERER.
JavaScript warning: https://www.stepstone.de/mNryyHYAXUUX4i3ubz02gtza/Sup3mcQfma/PW0JTHkTAQ/KWsGQ/2UDCl8, line 1: unreachable code after return statement
JavaScript warning: https://www.stepstone.de/mNryyHYAXUUX4i3ubz02gtza/Sup3mcQfma/PW0JTHkTAQ/KWsGQ/2UDCl8, line 1: WEBGL_debug_renderer_info is deprecated in Firefox and will be removed. Please use RENDERER.
JavaScript warning: https://www.stepstone.de/mNryyHYAXUUX4i3ubz02gtza/Sup3mcQfma/PW0JTHkTAQ/KWsGQ/2UDCl8, line 1: unreachable code after return statement
JavaScript warning: https://www.stepstone.de/mNryyHYAXUUX4i3ubz02gtza/Sup3mcQfma/PW0JTHkTAQ/KWsGQ/2UDCl8, line 1: WEBGL_debug_renderer_info is deprecated in Firefox and will be removed. Please use RENDERER.
JavaScript warning: https://www.stepstone.de/mNryyHYAXUUX4i3ubz02gtza/Sup3mcQfma/PW0JTHkTAQ/KWsGQ/2UDCl8, line 1: unreachable code after return statement
console.error: "update.locale" " file doesn't exist in either the application or GRE directories"
JavaScript warning: https://www.stepstone.de/mNryyHYAXUUX4i3ubz02gtza/Sup3mcQfma/PW0JTHkTAQ/KWsGQ/2UDCl8, line 1: WEBGL_debug_renderer_info is deprecated in Firefox and will be removed. Please use RENDERER.
JavaScript warning: https://www.stepstone.de/mNryyHYAXUUX4i3ubz02gtza/Sup3mcQfma/PW0JTHkTAQ/KWsGQ/2UDCl8, line 1: unreachable code after return statement
JavaScript warning: https://www.stepstone.de/mNryyHYAXUUX4i3ubz02gtza/Sup3mcQfma/PW0JTHkTAQ/KWsGQ/2UDCl8, line 1: WEBGL_debug_renderer_info is deprecated in Firefox and will be removed. Please use RENDERER.
JavaScript warning: https://www.stepstone.de/mNryyHYAXUUX4i3ubz02gtza/Sup3mcQfma/PW0JTHkTAQ/KWsGQ/2UDCl8, line 1: unreachable code after return statement
JavaScript warning: https://www.stepstone.de/mNryyHYAXUUX4i3ubz02gtza/Sup3mcQfma/PW0JTHkTAQ/KWsGQ/2UDCl8, line 1: WEBGL_debug_renderer_info is deprecated in Firefox and will be removed. Please use RENDERER.
JavaScript warning: https://www.stepstone.de/mNryyHYAXUUX4i3ubz02gtza/Sup3mcQfma/PW0JTHkTAQ/KWsGQ/2UDCl8, line 1: unreachable code after return statement
JavaScript warning: https://www.stepstone.de/mNryyHYAXUUX4i3ubz02gtza/Sup3mcQfma/PW0JTHkTAQ/KWsGQ/2UDCl8, line 1: WEBGL_debug_renderer_info is deprecated in Firefox and will be removed. Please use RENDERER.
JavaScript warning: https://www.stepstone.de/mNryyHYAXUUX4i3ubz02gtza/Sup3mcQfma/PW0JTHkTAQ/KWsGQ/2UDCl8, line 1: unreachable code after return statement
JavaScript warning: https://www.stepstone.de/mNryyHYAXUUX4i3ubz02gtza/Sup3mcQfma/PW0JTHkTAQ/KWsGQ/2UDCl8, line 1: WEBGL_debug_renderer_info is deprecated in Firefox and will be removed. Please use RENDERER.
JavaScript warning: https://www.stepstone.de/mNryyHYAXUUX4i3ubz02gtza/Sup3mcQfma/PW0JTHkTAQ/KWsGQ/2UDCl8, line 1: unreachable code after return statement
JavaScript warning: https://www.stepstone.de/mNryyHYAXUUX4i3ubz02gtza/Sup3mcQfma/PW0JTHkTAQ/KWsGQ/2UDCl8, line 1: WEBGL_debug_renderer_info is deprecated in Firefox and will be removed. Please use RENDERER.
JavaScript warning: https://www.stepstone.de/mNryyHYAXUUX4i3ubz02gtza/Sup3mcQfma/PW0JTHkTAQ/KWsGQ/2UDCl8, line 1: unreachable code after return statement
JavaScript warning: https://www.stepstone.de/mNryyHYAXUUX4i3ubz02gtza/Sup3mcQfma/PW0JTHkTAQ/KWsGQ/2UDCl8, line 1: WEBGL_debug_renderer_info is deprecated in Firefox and will be removed. Please use RENDERER.
JavaScript warning: https://www.stepstone.de/mNryyHYAXUUX4i3ubz02gtza/Sup3mcQfma/PW0JTHkTAQ/KWsGQ/2UDCl8, line 1: unreachable code after return statement
JavaScript warning: https://www.stepstone.de/mNryyHYAXUUX4i3ubz02gtza/Sup3mcQfma/PW0JTHkTAQ/KWsGQ/2UDCl8, line 1: WEBGL_debug_renderer_info is deprecated in Firefox and will be removed. Please use RENDERER.
JavaScript warning: https://www.stepstone.de/mNryyHYAXUUX4i3ubz02gtza/Sup3mcQfma/PW0JTHkTAQ/KWsGQ/2UDCl8, line 1: unreachable code after return statement
JavaScript warning: https://www.stepstone.de/mNryyHYAXUUX4i3ubz02gtza/Sup3mcQfma/PW0JTHkTAQ/KWsGQ/2UDCl8, line 1: WEBGL_debug_renderer_info is deprecated in Firefox and will be removed. Please use RENDERER.
JavaScript warning: https://www.stepstone.de/mNryyHYAXUUX4i3ubz02gtza/Sup3mcQfma/PW0JTHkTAQ/KWsGQ/2UDCl8, line 1: unreachable code after return statement
JavaScript warning: https://www.stepstone.de/mNryyHYAXUUX4i3ubz02gtza/Sup3mcQfma/PW0JTHkTAQ/KWsGQ/2UDCl8, line 1: WEBGL_debug_renderer_info is deprecated in Firefox and will be removed. Please use RENDERER.
JavaScript warning: https://www.stepstone.de/mNryyHYAXUUX4i3ubz02gtza/Sup3mcQfma/PW0JTHkTAQ/KWsGQ/2UDCl8, line 1: unreachable code after return statement
JavaScript warning: https://www.stepstone.de/mNryyHYAXUUX4i3ubz02gtza/Sup3mcQfma/PW0JTHkTAQ/KWsGQ/2UDCl8, line 1: WEBGL_debug_renderer_info is deprecated in Firefox and will be removed. Please use RENDERER.
JavaScript warning: https://www.stepstone.de/mNryyHYAXUUX4i3ubz02gtza/Sup3mcQfma/PW0JTHkTAQ/KWsGQ/2UDCl8, line 1: unreachable code after return statement
JavaScript warning: https://www.stepstone.de/mNryyHYAXUUX4i3ubz02gtza/Sup3mcQfma/PW0JTHkTAQ/KWsGQ/2UDCl8, line 1: WEBGL_debug_renderer_info is deprecated in Firefox and will be removed. Please use RENDERER.
JavaScript warning: https://www.stepstone.de/mNryyHYAXUUX4i3ubz02gtza/Sup3mcQfma/PW0JTHkTAQ/KWsGQ/2UDCl8, line 1: unreachable code after return statement
JavaScript warning: https://www.stepstone.de/mNryyHYAXUUX4i3ubz02gtza/Sup3mcQfma/PW0JTHkTAQ/KWsGQ/2UDCl8, line 1: WEBGL_debug_renderer_info is deprecated in Firefox and will be removed. Please use RENDERER.
JavaScript warning: https://www.stepstone.de/mNryyHYAXUUX4i3ubz02gtza/Sup3mcQfma/PW0JTHkTAQ/KWsGQ/2UDCl8, line 1: unreachable code after return statement
JavaScript warning: https://www.stepstone.de/mNryyHYAXUUX4i3ubz02gtza/Sup3mcQfma/PW0JTHkTAQ/KWsGQ/2UDCl8, line 1: WEBGL_debug_renderer_info is deprecated in Firefox and will be removed. Please use RENDERER.
JavaScript warning: https://www.stepstone.de/mNryyHYAXUUX4i3ubz02gtza/Sup3mcQfma/PW0JTHkTAQ/KWsGQ/2UDCl8, line 1: unreachable code after return statement
JavaScript warning: https://www.stepstone.de/mNryyHYAXUUX4i3ubz02gtza/Sup3mcQfma/PW0JTHkTAQ/KWsGQ/2UDCl8, line 1: WEBGL_debug_renderer_info is deprecated in Firefox and will be removed. Please use RENDERER.
JavaScript warning: https://www.stepstone.de/mNryyHYAXUUX4i3ubz02gtza/Sup3mcQfma/PW0JTHkTAQ/KWsGQ/2UDCl8, line 1: unreachable code after return statement
JavaScript warning: https://www.stepstone.de/mNryyHYAXUUX4i3ubz02gtza/Sup3mcQfma/PW0JTHkTAQ/KWsGQ/2UDCl8, line 1: WEBGL_debug_renderer_info is deprecated in Firefox and will be removed. Please use RENDERER.
JavaScript warning: https://www.stepstone.de/mNryyHYAXUUX4i3ubz02gtza/Sup3mcQfma/PW0JTHkTAQ/KWsGQ/2UDCl8, line 1: unreachable code after return statement
JavaScript warning: https://www.stepstone.de/mNryyHYAXUUX4i3ubz02gtza/Sup3mcQfma/PW0JTHkTAQ/KWsGQ/2UDCl8, line 1: WEBGL_debug_renderer_info is deprecated in Firefox and will be removed. Please use RENDERER.
JavaScript warning: https://www.stepstone.de/mNryyHYAXUUX4i3ubz02gtza/Sup3mcQfma/PW0JTHkTAQ/KWsGQ/2UDCl8, line 1: unreachable code after return statement
JavaScript warning: https://www.stepstone.de/mNryyHYAXUUX4i3ubz02gtza/Sup3mcQfma/PW0JTHkTAQ/KWsGQ/2UDCl8, line 1: WEBGL_debug_renderer_info is deprecated in Firefox and will be removed. Please use RENDERER.
JavaScript warning: https://www.stepstone.de/mNryyHYAXUUX4i3ubz02gtza/Sup3mcQfma/PW0JTHkTAQ/KWsGQ/2UDCl8, line 1: unreachable code after return statement
JavaScript warning: https://www.stepstone.de/mNryyHYAXUUX4i3ubz02gtza/Sup3mcQfma/PW0JTHkTAQ/KWsGQ/2UDCl8, line 1: WEBGL_debug_renderer_info is deprecated in Firefox and will be removed. Please use RENDERER.
JavaScript warning: https://www.stepstone.de/mNryyHYAXUUX4i3ubz02gtza/Sup3mcQfma/PW0JTHkTAQ/KWsGQ/2UDCl8, line 1: unreachable code after return statement
JavaScript warning: https://www.stepstone.de/mNryyHYAXUUX4i3ubz02gtza/Sup3mcQfma/PW0JTHkTAQ/KWsGQ/2UDCl8, line 1: WEBGL_debug_renderer_info is deprecated in Firefox and will be removed. Please use RENDERER.
JavaScript warning: https://www.stepstone.de/mNryyHYAXUUX4i3ubz02gtza/Sup3mcQfma/PW0JTHkTAQ/KWsGQ/2UDCl8, line 1: unreachable code after return statement
JavaScript warning: https://www.stepstone.de/mNryyHYAXUUX4i3ubz02gtza/Sup3mcQfma/PW0JTHkTAQ/KWsGQ/2UDCl8, line 1: WEBGL_debug_renderer_info is deprecated in Firefox and will be removed. Please use RENDERER.
JavaScript warning: https://www.stepstone.de/mNryyHYAXUUX4i3ubz02gtza/Sup3mcQfma/PW0JTHkTAQ/KWsGQ/2UDCl8, line 1: unreachable code after return statement
JavaScript warning: https://www.stepstone.de/mNryyHYAXUUX4i3ubz02gtza/Sup3mcQfma/PW0JTHkTAQ/KWsGQ/2UDCl8, line 1: WEBGL_debug_renderer_info is deprecated in Firefox and will be removed. Please use RENDERER.
JavaScript warning: https://www.stepstone.de/mNryyHYAXUUX4i3ubz02gtza/Sup3mcQfma/PW0JTHkTAQ/KWsGQ/2UDCl8, line 1: unreachable code after return statement
JavaScript warning: https://www.stepstone.de/mNryyHYAXUUX4i3ubz02gtza/Sup3mcQfma/PW0JTHkTAQ/KWsGQ/2UDCl8, line 1: WEBGL_debug_renderer_info is deprecated in Firefox and will be removed. Please use RENDERER.
JavaScript warning: https://www.stepstone.de/mNryyHYAXUUX4i3ubz02gtza/Sup3mcQfma/PW0JTHkTAQ/KWsGQ/2UDCl8, line 1: unreachable code after return statement
JavaScript warning: https://www.stepstone.de/mNryyHYAXUUX4i3ubz02gtza/Sup3mcQfma/PW0JTHkTAQ/KWsGQ/2UDCl8, line 1: WEBGL_debug_renderer_info is deprecated in Firefox and will be removed. Please use RENDERER.
JavaScript warning: https://www.stepstone.de/mNryyHYAXUUX4i3ubz02gtza/Sup3mcQfma/PW0JTHkTAQ/KWsGQ/2UDCl8, line 1: unreachable code after return statement
JavaScript warning: https://www.stepstone.de/mNryyHYAXUUX4i3ubz02gtza/Sup3mcQfma/PW0JTHkTAQ/KWsGQ/2UDCl8, line 1: WEBGL_debug_renderer_info is deprecated in Firefox and will be removed. Please use RENDERER.
JavaScript warning: https://www.stepstone.de/mNryyHYAXUUX4i3ubz02gtza/Sup3mcQfma/PW0JTHkTAQ/KWsGQ/2UDCl8, line 1: unreachable code after return statement
JavaScript warning: https://www.stepstone.de/mNryyHYAXUUX4i3ubz02gtza/Sup3mcQfma/PW0JTHkTAQ/KWsGQ/2UDCl8, line 1: WEBGL_debug_renderer_info is deprecated in Firefox and will be removed. Please use RENDERER.
JavaScript warning: https://www.stepstone.de/mNryyHYAXUUX4i3ubz02gtza/Sup3mcQfma/PW0JTHkTAQ/KWsGQ/2UDCl8, line 1: unreachable code after return statement
JavaScript warning: https://www.stepstone.de/mNryyHYAXUUX4i3ubz02gtza/Sup3mcQfma/PW0JTHkTAQ/KWsGQ/2UDCl8, line 1: WEBGL_debug_renderer_info is deprecated in Firefox and will be removed. Please use RENDERER.
JavaScript warning: https://www.stepstone.de/mNryyHYAXUUX4i3ubz02gtza/Sup3mcQfma/PW0JTHkTAQ/KWsGQ/2UDCl8, line 1: unreachable code after return statement
JavaScript warning: https://www.stepstone.de/mNryyHYAXUUX4i3ubz02gtza/Sup3mcQfma/PW0JTHkTAQ/KWsGQ/2UDCl8, line 1: WEBGL_debug_renderer_info is deprecated in Firefox and will be removed. Please use RENDERER.
JavaScript warning: https://www.stepstone.de/mNryyHYAXUUX4i3ubz02gtza/Sup3mcQfma/PW0JTHkTAQ/KWsGQ/2UDCl8, line 1: unreachable code after return statement
JavaScript warning: https://www.stepstone.de/mNryyHYAXUUX4i3ubz02gtza/Sup3mcQfma/PW0JTHkTAQ/KWsGQ/2UDCl8, line 1: WEBGL_debug_renderer_info is deprecated in Firefox and will be removed. Please use RENDERER.
JavaScript warning: https://www.stepstone.de/mNryyHYAXUUX4i3ubz02gtza/Sup3mcQfma/PW0JTHkTAQ/KWsGQ/2UDCl8, line 1: unreachable code after return statement
JavaScript warning: https://www.stepstone.de/mNryyHYAXUUX4i3ubz02gtza/Sup3mcQfma/PW0JTHkTAQ/KWsGQ/2UDCl8, line 1: WEBGL_debug_renderer_info is deprecated in Firefox and will be removed. Please use RENDERER.
JavaScript warning: https://www.stepstone.de/mNryyHYAXUUX4i3ubz02gtza/Sup3mcQfma/PW0JTHkTAQ/KWsGQ/2UDCl8, line 1: unreachable code after return statement
JavaScript warning: https://www.stepstone.de/mNryyHYAXUUX4i3ubz02gtza/Sup3mcQfma/PW0JTHkTAQ/KWsGQ/2UDCl8, line 1: WEBGL_debug_renderer_info is deprecated in Firefox and will be removed. Please use RENDERER.
JavaScript warning: https://www.stepstone.de/mNryyHYAXUUX4i3ubz02gtza/Sup3mcQfma/PW0JTHkTAQ/KWsGQ/2UDCl8, line 1: unreachable code after return statement
JavaScript warning: https://www.stepstone.de/mNryyHYAXUUX4i3ubz02gtza/Sup3mcQfma/PW0JTHkTAQ/KWsGQ/2UDCl8, line 1: WEBGL_debug_renderer_info is deprecated in Firefox and will be removed. Please use RENDERER.
JavaScript warning: https://www.stepstone.de/mNryyHYAXUUX4i3ubz02gtza/Sup3mcQfma/PW0JTHkTAQ/KWsGQ/2UDCl8, line 1: unreachable code after return statement
JavaScript warning: https://www.stepstone.de/mNryyHYAXUUX4i3ubz02gtza/Sup3mcQfma/PW0JTHkTAQ/KWsGQ/2UDCl8, line 1: WEBGL_debug_renderer_info is deprecated in Firefox and will be removed. Please use RENDERER.
JavaScript warning: https://www.stepstone.de/mNryyHYAXUUX4i3ubz02gtza/Sup3mcQfma/PW0JTHkTAQ/KWsGQ/2UDCl8, line 1: unreachable code after return statement
JavaScript warning: https://www.stepstone.de/mNryyHYAXUUX4i3ubz02gtza/Sup3mcQfma/PW0JTHkTAQ/KWsGQ/2UDCl8, line 1: WEBGL_debug_renderer_info is deprecated in Firefox and will be removed. Please use RENDERER.
JavaScript warning: https://www.stepstone.de/mNryyHYAXUUX4i3ubz02gtza/Sup3mcQfma/PW0JTHkTAQ/KWsGQ/2UDCl8, line 1: unreachable code after return statement
JavaScript warning: https://www.stepstone.de/mNryyHYAXUUX4i3ubz02gtza/Sup3mcQfma/PW0JTHkTAQ/KWsGQ/2UDCl8, line 1: WEBGL_debug_renderer_info is deprecated in Firefox and will be removed. Please use RENDERER.
JavaScript warning: https://www.stepstone.de/mNryyHYAXUUX4i3ubz02gtza/Sup3mcQfma/PW0JTHkTAQ/KWsGQ/2UDCl8, line 1: unreachable code after return statement
JavaScript warning: https://www.stepstone.de/mNryyHYAXUUX4i3ubz02gtza/Sup3mcQfma/PW0JTHkTAQ/KWsGQ/2UDCl8, line 1: WEBGL_debug_renderer_info is deprecated in Firefox and will be removed. Please use RENDERER.
JavaScript warning: https://www.stepstone.de/mNryyHYAXUUX4i3ubz02gtza/Sup3mcQfma/PW0JTHkTAQ/KWsGQ/2UDCl8, line 1: unreachable code after return statement
JavaScript warning: https://www.stepstone.de/mNryyHYAXUUX4i3ubz02gtza/Sup3mcQfma/PW0JTHkTAQ/KWsGQ/2UDCl8, line 1: WEBGL_debug_renderer_info is deprecated in Firefox and will be removed. Please use RENDERER.
JavaScript warning: https://www.stepstone.de/mNryyHYAXUUX4i3ubz02gtza/Sup3mcQfma/PW0JTHkTAQ/KWsGQ/2UDCl8, line 1: unreachable code after return statement
JavaScript warning: https://www.stepstone.de/mNryyHYAXUUX4i3ubz02gtza/Sup3mcQfma/PW0JTHkTAQ/KWsGQ/2UDCl8, line 1: WEBGL_debug_renderer_info is deprecated in Firefox and will be removed. Please use RENDERER.
JavaScript warning: https://www.stepstone.de/mNryyHYAXUUX4i3ubz02gtza/Sup3mcQfma/PW0JTHkTAQ/KWsGQ/2UDCl8, line 1: unreachable code after return statement
JavaScript warning: https://www.stepstone.de/mNryyHYAXUUX4i3ubz02gtza/Sup3mcQfma/PW0JTHkTAQ/KWsGQ/2UDCl8, line 1: WEBGL_debug_renderer_info is deprecated in Firefox and will be removed. Please use RENDERER.
JavaScript warning: https://www.stepstone.de/mNryyHYAXUUX4i3ubz02gtza/Sup3mcQfma/PW0JTHkTAQ/KWsGQ/2UDCl8, line 1: unreachable code after return statement
JavaScript warning: https://www.stepstone.de/mNryyHYAXUUX4i3ubz02gtza/Sup3mcQfma/PW0JTHkTAQ/KWsGQ/2UDCl8, line 1: WEBGL_debug_renderer_info is deprecated in Firefox and will be removed. Please use RENDERER.
JavaScript warning: https://www.stepstone.de/mNryyHYAXUUX4i3ubz02gtza/Sup3mcQfma/PW0JTHkTAQ/KWsGQ/2UDCl8, line 1: unreachable code after return statement
JavaScript warning: https://www.stepstone.de/mNryyHYAXUUX4i3ubz02gtza/Sup3mcQfma/PW0JTHkTAQ/KWsGQ/2UDCl8, line 1: WEBGL_debug_renderer_info is deprecated in Firefox and will be removed. Please use RENDERER.
JavaScript warning: https://www.stepstone.de/mNryyHYAXUUX4i3ubz02gtza/Sup3mcQfma/PW0JTHkTAQ/KWsGQ/2UDCl8, line 1: unreachable code after return statement
JavaScript warning: https://www.stepstone.de/mNryyHYAXUUX4i3ubz02gtza/Sup3mcQfma/PW0JTHkTAQ/KWsGQ/2UDCl8, line 1: WEBGL_debug_renderer_info is deprecated in Firefox and will be removed. Please use RENDERER.
JavaScript warning: https://www.stepstone.de/mNryyHYAXUUX4i3ubz02gtza/Sup3mcQfma/PW0JTHkTAQ/KWsGQ/2UDCl8, line 1: unreachable code after return statement
JavaScript warning: https://www.stepstone.de/mNryyHYAXUUX4i3ubz02gtza/Sup3mcQfma/PW0JTHkTAQ/KWsGQ/2UDCl8, line 1: WEBGL_debug_renderer_info is deprecated in Firefox and will be removed. Please use RENDERER.
JavaScript warning: https://www.stepstone.de/mNryyHYAXUUX4i3ubz02gtza/Sup3mcQfma/PW0JTHkTAQ/KWsGQ/2UDCl8, line 1: unreachable code after return statement
JavaScript warning: https://www.stepstone.de/mNryyHYAXUUX4i3ubz02gtza/Sup3mcQfma/PW0JTHkTAQ/KWsGQ/2UDCl8, line 1: WEBGL_debug_renderer_info is deprecated in Firefox and will be removed. Please use RENDERER.
JavaScript warning: https://www.stepstone.de/mNryyHYAXUUX4i3ubz02gtza/Sup3mcQfma/PW0JTHkTAQ/KWsGQ/2UDCl8, line 1: unreachable code after return statement
JavaScript warning: https://www.stepstone.de/mNryyHYAXUUX4i3ubz02gtza/Sup3mcQfma/PW0JTHkTAQ/KWsGQ/2UDCl8, line 1: WEBGL_debug_renderer_info is deprecated in Firefox and will be removed. Please use RENDERER.
JavaScript warning: https://www.stepstone.de/mNryyHYAXUUX4i3ubz02gtza/Sup3mcQfma/PW0JTHkTAQ/KWsGQ/2UDCl8, line 1: unreachable code after return statement
JavaScript warning: https://www.stepstone.de/mNryyHYAXUUX4i3ubz02gtza/Sup3mcQfma/PW0JTHkTAQ/KWsGQ/2UDCl8, line 1: WEBGL_debug_renderer_info is deprecated in Firefox and will be removed. Please use RENDERER.
JavaScript warning: https://www.stepstone.de/mNryyHYAXUUX4i3ubz02gtza/Sup3mcQfma/PW0JTHkTAQ/KWsGQ/2UDCl8, line 1: unreachable code after return statement
JavaScript warning: https://www.stepstone.de/mNryyHYAXUUX4i3ubz02gtza/Sup3mcQfma/PW0JTHkTAQ/KWsGQ/2UDCl8, line 1: WEBGL_debug_renderer_info is deprecated in Firefox and will be removed. Please use RENDERER.
JavaScript warning: https://www.stepstone.de/mNryyHYAXUUX4i3ubz02gtza/Sup3mcQfma/PW0JTHkTAQ/KWsGQ/2UDCl8, line 1: unreachable code after return statement
JavaScript warning: https://www.stepstone.de/mNryyHYAXUUX4i3ubz02gtza/Sup3mcQfma/PW0JTHkTAQ/KWsGQ/2UDCl8, line 1: WEBGL_debug_renderer_info is deprecated in Firefox and will be removed. Please use RENDERER.
JavaScript warning: https://www.stepstone.de/mNryyHYAXUUX4i3ubz02gtza/Sup3mcQfma/PW0JTHkTAQ/KWsGQ/2UDCl8, line 1: unreachable code after return statement
JavaScript warning: https://www.stepstone.de/mNryyHYAXUUX4i3ubz02gtza/Sup3mcQfma/PW0JTHkTAQ/KWsGQ/2UDCl8, line 1: WEBGL_debug_renderer_info is deprecated in Firefox and will be removed. Please use RENDERER.
JavaScript warning: https://www.stepstone.de/mNryyHYAXUUX4i3ubz02gtza/Sup3mcQfma/PW0JTHkTAQ/KWsGQ/2UDCl8, line 1: unreachable code after return statement
JavaScript warning: https://www.stepstone.de/mNryyHYAXUUX4i3ubz02gtza/Sup3mcQfma/PW0JTHkTAQ/KWsGQ/2UDCl8, line 1: WEBGL_debug_renderer_info is deprecated in Firefox and will be removed. Please use RENDERER.
JavaScript warning: https://www.stepstone.de/mNryyHYAXUUX4i3ubz02gtza/Sup3mcQfma/PW0JTHkTAQ/KWsGQ/2UDCl8, line 1: unreachable code after return statement
JavaScript warning: https://www.stepstone.de/mNryyHYAXUUX4i3ubz02gtza/Sup3mcQfma/PW0JTHkTAQ/KWsGQ/2UDCl8, line 1: WEBGL_debug_renderer_info is deprecated in Firefox and will be removed. Please use RENDERER.
JavaScript warning: https://www.stepstone.de/mNryyHYAXUUX4i3ubz02gtza/Sup3mcQfma/PW0JTHkTAQ/KWsGQ/2UDCl8, line 1: unreachable code after return statement
JavaScript warning: https://www.stepstone.de/mNryyHYAXUUX4i3ubz02gtza/Sup3mcQfma/PW0JTHkTAQ/KWsGQ/2UDCl8, line 1: WEBGL_debug_renderer_info is deprecated in Firefox and will be removed. Please use RENDERER.
JavaScript warning: https://www.stepstone.de/mNryyHYAXUUX4i3ubz02gtza/Sup3mcQfma/PW0JTHkTAQ/KWsGQ/2UDCl8, line 1: unreachable code after return statement
JavaScript warning: https://www.stepstone.de/mNryyHYAXUUX4i3ubz02gtza/Sup3mcQfma/PW0JTHkTAQ/KWsGQ/2UDCl8, line 1: WEBGL_debug_renderer_info is deprecated in Firefox and will be removed. Please use RENDERER.
JavaScript warning: https://www.stepstone.de/mNryyHYAXUUX4i3ubz02gtza/Sup3mcQfma/PW0JTHkTAQ/KWsGQ/2UDCl8, line 1: unreachable code after return statement
JavaScript warning: https://www.stepstone.de/mNryyHYAXUUX4i3ubz02gtza/Sup3mcQfma/PW0JTHkTAQ/KWsGQ/2UDCl8, line 1: WEBGL_debug_renderer_info is deprecated in Firefox and will be removed. Please use RENDERER.
JavaScript warning: https://www.stepstone.de/mNryyHYAXUUX4i3ubz02gtza/Sup3mcQfma/PW0JTHkTAQ/KWsGQ/2UDCl8, line 1: unreachable code after return statement
JavaScript warning: https://www.stepstone.de/mNryyHYAXUUX4i3ubz02gtza/Sup3mcQfma/PW0JTHkTAQ/KWsGQ/2UDCl8, line 1: WEBGL_debug_renderer_info is deprecated in Firefox and will be removed. Please use RENDERER.
JavaScript warning: https://www.stepstone.de/mNryyHYAXUUX4i3ubz02gtza/Sup3mcQfma/PW0JTHkTAQ/KWsGQ/2UDCl8, line 1: unreachable code after return statement
JavaScript warning: https://www.stepstone.de/mNryyHYAXUUX4i3ubz02gtza/Sup3mcQfma/PW0JTHkTAQ/KWsGQ/2UDCl8, line 1: WEBGL_debug_renderer_info is deprecated in Firefox and will be removed. Please use RENDERER.
JavaScript warning: https://www.stepstone.de/mNryyHYAXUUX4i3ubz02gtza/Sup3mcQfma/PW0JTHkTAQ/KWsGQ/2UDCl8, line 1: unreachable code after return statement
JavaScript warning: https://www.stepstone.de/mNryyHYAXUUX4i3ubz02gtza/Sup3mcQfma/PW0JTHkTAQ/KWsGQ/2UDCl8, line 1: WEBGL_debug_renderer_info is deprecated in Firefox and will be removed. Please use RENDERER.
JavaScript warning: https://www.stepstone.de/mNryyHYAXUUX4i3ubz02gtza/Sup3mcQfma/PW0JTHkTAQ/KWsGQ/2UDCl8, line 1: unreachable code after return statement
JavaScript warning: https://www.stepstone.de/mNryyHYAXUUX4i3ubz02gtza/Sup3mcQfma/PW0JTHkTAQ/KWsGQ/2UDCl8, line 1: WEBGL_debug_renderer_info is deprecated in Firefox and will be removed. Please use RENDERER.
JavaScript warning: https://www.stepstone.de/mNryyHYAXUUX4i3ubz02gtza/Sup3mcQfma/PW0JTHkTAQ/KWsGQ/2UDCl8, line 1: unreachable code after return statement
JavaScript warning: https://www.stepstone.de/mNryyHYAXUUX4i3ubz02gtza/Sup3mcQfma/PW0JTHkTAQ/KWsGQ/2UDCl8, line 1: WEBGL_debug_renderer_info is deprecated in Firefox and will be removed. Please use RENDERER.
JavaScript warning: https://www.stepstone.de/mNryyHYAXUUX4i3ubz02gtza/Sup3mcQfma/PW0JTHkTAQ/KWsGQ/2UDCl8, line 1: unreachable code after return statement
JavaScript warning: https://www.stepstone.de/mNryyHYAXUUX4i3ubz02gtza/Sup3mcQfma/PW0JTHkTAQ/KWsGQ/2UDCl8, line 1: WEBGL_debug_renderer_info is deprecated in Firefox and will be removed. Please use RENDERER.
JavaScript warning: https://www.stepstone.de/mNryyHYAXUUX4i3ubz02gtza/Sup3mcQfma/PW0JTHkTAQ/KWsGQ/2UDCl8, line 1: unreachable code after return statement
JavaScript warning: https://www.stepstone.de/mNryyHYAXUUX4i3ubz02gtza/Sup3mcQfma/PW0JTHkTAQ/KWsGQ/2UDCl8, line 1: WEBGL_debug_renderer_info is deprecated in Firefox and will be removed. Please use RENDERER.
JavaScript warning: https://www.stepstone.de/mNryyHYAXUUX4i3ubz02gtza/Sup3mcQfma/PW0JTHkTAQ/KWsGQ/2UDCl8, line 1: unreachable code after return statement
JavaScript warning: https://www.stepstone.de/mNryyHYAXUUX4i3ubz02gtza/Sup3mcQfma/PW0JTHkTAQ/KWsGQ/2UDCl8, line 1: WEBGL_debug_renderer_info is deprecated in Firefox and will be removed. Please use RENDERER.
JavaScript warning: https://www.stepstone.de/mNryyHYAXUUX4i3ubz02gtza/Sup3mcQfma/PW0JTHkTAQ/KWsGQ/2UDCl8, line 1: unreachable code after return statement
JavaScript warning: https://www.stepstone.de/mNryyHYAXUUX4i3ubz02gtza/Sup3mcQfma/PW0JTHkTAQ/KWsGQ/2UDCl8, line 1: WEBGL_debug_renderer_info is deprecated in Firefox and will be removed. Please use RENDERER.
JavaScript warning: https://www.stepstone.de/mNryyHYAXUUX4i3ubz02gtza/Sup3mcQfma/PW0JTHkTAQ/KWsGQ/2UDCl8, line 1: unreachable code after return statement
JavaScript warning: https://www.stepstone.de/mNryyHYAXUUX4i3ubz02gtza/Sup3mcQfma/PW0JTHkTAQ/KWsGQ/2UDCl8, line 1: WEBGL_debug_renderer_info is deprecated in Firefox and will be removed. Please use RENDERER.
JavaScript warning: https://www.stepstone.de/mNryyHYAXUUX4i3ubz02gtza/Sup3mcQfma/PW0JTHkTAQ/KWsGQ/2UDCl8, line 1: unreachable code after return statement
JavaScript warning: https://www.stepstone.de/mNryyHYAXUUX4i3ubz02gtza/Sup3mcQfma/PW0JTHkTAQ/KWsGQ/2UDCl8, line 1: WEBGL_debug_renderer_info is deprecated in Firefox and will be removed. Please use RENDERER.
JavaScript warning: https://www.stepstone.de/mNryyHYAXUUX4i3ubz02gtza/Sup3mcQfma/PW0JTHkTAQ/KWsGQ/2UDCl8, line 1: unreachable code after return statement
JavaScript warning: https://www.stepstone.de/mNryyHYAXUUX4i3ubz02gtza/Sup3mcQfma/PW0JTHkTAQ/KWsGQ/2UDCl8, line 1: WEBGL_debug_renderer_info is deprecated in Firefox and will be removed. Please use RENDERER.
JavaScript warning: https://www.stepstone.de/mNryyHYAXUUX4i3ubz02gtza/Sup3mcQfma/PW0JTHkTAQ/KWsGQ/2UDCl8, line 1: unreachable code after return statement
JavaScript warning: https://www.stepstone.de/mNryyHYAXUUX4i3ubz02gtza/Sup3mcQfma/PW0JTHkTAQ/KWsGQ/2UDCl8, line 1: WEBGL_debug_renderer_info is deprecated in Firefox and will be removed. Please use RENDERER.
JavaScript warning: https://www.stepstone.de/mNryyHYAXUUX4i3ubz02gtza/Sup3mcQfma/PW0JTHkTAQ/KWsGQ/2UDCl8, line 1: unreachable code after return statement
JavaScript warning: https://www.stepstone.de/mNryyHYAXUUX4i3ubz02gtza/Sup3mcQfma/PW0JTHkTAQ/KWsGQ/2UDCl8, line 1: WEBGL_debug_renderer_info is deprecated in Firefox and will be removed. Please use RENDERER.
JavaScript warning: https://www.stepstone.de/mNryyHYAXUUX4i3ubz02gtza/Sup3mcQfma/PW0JTHkTAQ/KWsGQ/2UDCl8, line 1: unreachable code after return statement
JavaScript warning: https://www.stepstone.de/mNryyHYAXUUX4i3ubz02gtza/Sup3mcQfma/PW0JTHkTAQ/KWsGQ/2UDCl8, line 1: WEBGL_debug_renderer_info is deprecated in Firefox and will be removed. Please use RENDERER.
JavaScript warning: https://www.stepstone.de/mNryyHYAXUUX4i3ubz02gtza/Sup3mcQfma/PW0JTHkTAQ/KWsGQ/2UDCl8, line 1: unreachable code after return statement
JavaScript warning: https://www.stepstone.de/mNryyHYAXUUX4i3ubz02gtza/Sup3mcQfma/PW0JTHkTAQ/KWsGQ/2UDCl8, line 1: WEBGL_debug_renderer_info is deprecated in Firefox and will be removed. Please use RENDERER.
JavaScript warning: https://www.stepstone.de/mNryyHYAXUUX4i3ubz02gtza/Sup3mcQfma/PW0JTHkTAQ/KWsGQ/2UDCl8, line 1: unreachable code after return statement
JavaScript warning: https://www.stepstone.de/mNryyHYAXUUX4i3ubz02gtza/Sup3mcQfma/PW0JTHkTAQ/KWsGQ/2UDCl8, line 1: WEBGL_debug_renderer_info is deprecated in Firefox and will be removed. Please use RENDERER.
JavaScript warning: https://www.stepstone.de/mNryyHYAXUUX4i3ubz02gtza/Sup3mcQfma/PW0JTHkTAQ/KWsGQ/2UDCl8, line 1: unreachable code after return statement
JavaScript warning: https://www.stepstone.de/mNryyHYAXUUX4i3ubz02gtza/Sup3mcQfma/PW0JTHkTAQ/KWsGQ/2UDCl8, line 1: WEBGL_debug_renderer_info is deprecated in Firefox and will be removed. Please use RENDERER.
JavaScript warning: https://www.stepstone.de/mNryyHYAXUUX4i3ubz02gtza/Sup3mcQfma/PW0JTHkTAQ/KWsGQ/2UDCl8, line 1: unreachable code after return statement
JavaScript warning: https://www.stepstone.de/mNryyHYAXUUX4i3ubz02gtza/Sup3mcQfma/PW0JTHkTAQ/KWsGQ/2UDCl8, line 1: WEBGL_debug_renderer_info is deprecated in Firefox and will be removed. Please use RENDERER.
JavaScript warning: https://www.stepstone.de/mNryyHYAXUUX4i3ubz02gtza/Sup3mcQfma/PW0JTHkTAQ/KWsGQ/2UDCl8, line 1: unreachable code after return statement
JavaScript warning: https://www.stepstone.de/mNryyHYAXUUX4i3ubz02gtza/Sup3mcQfma/PW0JTHkTAQ/KWsGQ/2UDCl8, line 1: WEBGL_debug_renderer_info is deprecated in Firefox and will be removed. Please use RENDERER.
JavaScript warning: https://www.stepstone.de/mNryyHYAXUUX4i3ubz02gtza/Sup3mcQfma/PW0JTHkTAQ/KWsGQ/2UDCl8, line 1: unreachable code after return statement
JavaScript warning: https://www.stepstone.de/mNryyHYAXUUX4i3ubz02gtza/Sup3mcQfma/PW0JTHkTAQ/KWsGQ/2UDCl8, line 1: WEBGL_debug_renderer_info is deprecated in Firefox and will be removed. Please use RENDERER.
JavaScript warning: https://www.stepstone.de/mNryyHYAXUUX4i3ubz02gtza/Sup3mcQfma/PW0JTHkTAQ/KWsGQ/2UDCl8, line 1: unreachable code after return statement
JavaScript warning: https://www.stepstone.de/mNryyHYAXUUX4i3ubz02gtza/Sup3mcQfma/PW0JTHkTAQ/KWsGQ/2UDCl8, line 1: WEBGL_debug_renderer_info is deprecated in Firefox and will be removed. Please use RENDERER.
JavaScript warning: https://www.stepstone.de/mNryyHYAXUUX4i3ubz02gtza/Sup3mcQfma/PW0JTHkTAQ/KWsGQ/2UDCl8, line 1: unreachable code after return statement
JavaScript warning: https://www.stepstone.de/mNryyHYAXUUX4i3ubz02gtza/Sup3mcQfma/PW0JTHkTAQ/KWsGQ/2UDCl8, line 1: WEBGL_debug_renderer_info is deprecated in Firefox and will be removed. Please use RENDERER.
JavaScript warning: https://www.stepstone.de/mNryyHYAXUUX4i3ubz02gtza/Sup3mcQfma/PW0JTHkTAQ/KWsGQ/2UDCl8, line 1: unreachable code after return statement
JavaScript warning: https://www.stepstone.de/mNryyHYAXUUX4i3ubz02gtza/Sup3mcQfma/PW0JTHkTAQ/KWsGQ/2UDCl8, line 1: WEBGL_debug_renderer_info is deprecated in Firefox and will be removed. Please use RENDERER.
JavaScript warning: https://www.stepstone.de/mNryyHYAXUUX4i3ubz02gtza/Sup3mcQfma/PW0JTHkTAQ/KWsGQ/2UDCl8, line 1: unreachable code after return statement
JavaScript warning: https://www.stepstone.de/mNryyHYAXUUX4i3ubz02gtza/Sup3mcQfma/PW0JTHkTAQ/KWsGQ/2UDCl8, line 1: WEBGL_debug_renderer_info is deprecated in Firefox and will be removed. Please use RENDERER.
JavaScript warning: https://www.stepstone.de/mNryyHYAXUUX4i3ubz02gtza/Sup3mcQfma/PW0JTHkTAQ/KWsGQ/2UDCl8, line 1: unreachable code after return statement
JavaScript warning: https://www.stepstone.de/mNryyHYAXUUX4i3ubz02gtza/Sup3mcQfma/PW0JTHkTAQ/KWsGQ/2UDCl8, line 1: WEBGL_debug_renderer_info is deprecated in Firefox and will be removed. Please use RENDERER.
JavaScript warning: https://www.stepstone.de/mNryyHYAXUUX4i3ubz02gtza/Sup3mcQfma/PW0JTHkTAQ/KWsGQ/2UDCl8, line 1: unreachable code after return statement
JavaScript warning: https://www.stepstone.de/mNryyHYAXUUX4i3ubz02gtza/Sup3mcQfma/PW0JTHkTAQ/KWsGQ/2UDCl8, line 1: WEBGL_debug_renderer_info is deprecated in Firefox and will be removed. Please use RENDERER.
JavaScript warning: https://www.stepstone.de/mNryyHYAXUUX4i3ubz02gtza/Sup3mcQfma/PW0JTHkTAQ/KWsGQ/2UDCl8, line 1: unreachable code after return statement
JavaScript warning: https://www.stepstone.de/mNryyHYAXUUX4i3ubz02gtza/Sup3mcQfma/PW0JTHkTAQ/KWsGQ/2UDCl8, line 1: WEBGL_debug_renderer_info is deprecated in Firefox and will be removed. Please use RENDERER.
JavaScript warning: https://www.stepstone.de/mNryyHYAXUUX4i3ubz02gtza/Sup3mcQfma/PW0JTHkTAQ/KWsGQ/2UDCl8, line 1: unreachable code after return statement
JavaScript warning: https://www.stepstone.de/mNryyHYAXUUX4i3ubz02gtza/Sup3mcQfma/PW0JTHkTAQ/KWsGQ/2UDCl8, line 1: WEBGL_debug_renderer_info is deprecated in Firefox and will be removed. Please use RENDERER.
JavaScript warning: https://www.stepstone.de/mNryyHYAXUUX4i3ubz02gtza/Sup3mcQfma/PW0JTHkTAQ/KWsGQ/2UDCl8, line 1: unreachable code after return statement
JavaScript warning: https://www.stepstone.de/mNryyHYAXUUX4i3ubz02gtza/Sup3mcQfma/PW0JTHkTAQ/KWsGQ/2UDCl8, line 1: WEBGL_debug_renderer_info is deprecated in Firefox and will be removed. Please use RENDERER.
JavaScript warning: https://www.stepstone.de/mNryyHYAXUUX4i3ubz02gtza/Sup3mcQfma/PW0JTHkTAQ/KWsGQ/2UDCl8, line 1: unreachable code after return statement
JavaScript warning: https://www.stepstone.de/mNryyHYAXUUX4i3ubz02gtza/Sup3mcQfma/PW0JTHkTAQ/KWsGQ/2UDCl8, line 1: WEBGL_debug_renderer_info is deprecated in Firefox and will be removed. Please use RENDERER.
JavaScript warning: https://www.stepstone.de/mNryyHYAXUUX4i3ubz02gtza/Sup3mcQfma/PW0JTHkTAQ/KWsGQ/2UDCl8, line 1: unreachable code after return statement
JavaScript warning: https://www.stepstone.de/mNryyHYAXUUX4i3ubz02gtza/Sup3mcQfma/PW0JTHkTAQ/KWsGQ/2UDCl8, line 1: WEBGL_debug_renderer_info is deprecated in Firefox and will be removed. Please use RENDERER.
JavaScript warning: https://www.stepstone.de/mNryyHYAXUUX4i3ubz02gtza/Sup3mcQfma/PW0JTHkTAQ/KWsGQ/2UDCl8, line 1: unreachable code after return statement
JavaScript warning: https://www.stepstone.de/mNryyHYAXUUX4i3ubz02gtza/Sup3mcQfma/PW0JTHkTAQ/KWsGQ/2UDCl8, line 1: WEBGL_debug_renderer_info is deprecated in Firefox and will be removed. Please use RENDERER.
JavaScript warning: https://www.stepstone.de/mNryyHYAXUUX4i3ubz02gtza/Sup3mcQfma/PW0JTHkTAQ/KWsGQ/2UDCl8, line 1: unreachable code after return statement
JavaScript warning: https://www.stepstone.de/mNryyHYAXUUX4i3ubz02gtza/Sup3mcQfma/PW0JTHkTAQ/KWsGQ/2UDCl8, line 1: WEBGL_debug_renderer_info is deprecated in Firefox and will be removed. Please use RENDERER.
JavaScript warning: https://www.stepstone.de/mNryyHYAXUUX4i3ubz02gtza/Sup3mcQfma/PW0JTHkTAQ/KWsGQ/2UDCl8, line 1: unreachable code after return statement
JavaScript warning: https://www.stepstone.de/mNryyHYAXUUX4i3ubz02gtza/Sup3mcQfma/PW0JTHkTAQ/KWsGQ/2UDCl8, line 1: WEBGL_debug_renderer_info is deprecated in Firefox and will be removed. Please use RENDERER.
JavaScript warning: https://www.stepstone.de/mNryyHYAXUUX4i3ubz02gtza/Sup3mcQfma/PW0JTHkTAQ/KWsGQ/2UDCl8, line 1: unreachable code after return statement
JavaScript warning: https://www.stepstone.de/mNryyHYAXUUX4i3ubz02gtza/Sup3mcQfma/PW0JTHkTAQ/KWsGQ/2UDCl8, line 1: WEBGL_debug_renderer_info is deprecated in Firefox and will be removed. Please use RENDERER.
JavaScript warning: https://www.stepstone.de/mNryyHYAXUUX4i3ubz02gtza/Sup3mcQfma/PW0JTHkTAQ/KWsGQ/2UDCl8, line 1: unreachable code after return statement
JavaScript warning: https://www.stepstone.de/mNryyHYAXUUX4i3ubz02gtza/Sup3mcQfma/PW0JTHkTAQ/KWsGQ/2UDCl8, line 1: WEBGL_debug_renderer_info is deprecated in Firefox and will be removed. Please use RENDERER.
JavaScript warning: https://www.stepstone.de/mNryyHYAXUUX4i3ubz02gtza/Sup3mcQfma/PW0JTHkTAQ/KWsGQ/2UDCl8, line 1: unreachable code after return statement
JavaScript warning: https://www.stepstone.de/mNryyHYAXUUX4i3ubz02gtza/Sup3mcQfma/PW0JTHkTAQ/KWsGQ/2UDCl8, line 1: WEBGL_debug_renderer_info is deprecated in Firefox and will be removed. Please use RENDERER.
JavaScript warning: https://www.stepstone.de/mNryyHYAXUUX4i3ubz02gtza/Sup3mcQfma/PW0JTHkTAQ/KWsGQ/2UDCl8, line 1: unreachable code after return statement
JavaScript warning: https://www.stepstone.de/mNryyHYAXUUX4i3ubz02gtza/Sup3mcQfma/PW0JTHkTAQ/KWsGQ/2UDCl8, line 1: WEBGL_debug_renderer_info is deprecated in Firefox and will be removed. Please use RENDERER.
JavaScript warning: https://www.stepstone.de/mNryyHYAXUUX4i3ubz02gtza/Sup3mcQfma/PW0JTHkTAQ/KWsGQ/2UDCl8, line 1: unreachable code after return statement
JavaScript warning: https://www.stepstone.de/mNryyHYAXUUX4i3ubz02gtza/Sup3mcQfma/PW0JTHkTAQ/KWsGQ/2UDCl8, line 1: WEBGL_debug_renderer_info is deprecated in Firefox and will be removed. Please use RENDERER.
JavaScript warning: https://www.stepstone.de/mNryyHYAXUUX4i3ubz02gtza/Sup3mcQfma/PW0JTHkTAQ/KWsGQ/2UDCl8, line 1: unreachable code after return statement
JavaScript warning: https://www.stepstone.de/mNryyHYAXUUX4i3ubz02gtza/Sup3mcQfma/PW0JTHkTAQ/KWsGQ/2UDCl8, line 1: WEBGL_debug_renderer_info is deprecated in Firefox and will be removed. Please use RENDERER.
JavaScript warning: https://www.stepstone.de/mNryyHYAXUUX4i3ubz02gtza/Sup3mcQfma/PW0JTHkTAQ/KWsGQ/2UDCl8, line 1: unreachable code after return statement
JavaScript warning: https://www.stepstone.de/mNryyHYAXUUX4i3ubz02gtza/Sup3mcQfma/PW0JTHkTAQ/KWsGQ/2UDCl8, line 1: WEBGL_debug_renderer_info is deprecated in Firefox and will be removed. Please use RENDERER.
JavaScript warning: https://www.stepstone.de/mNryyHYAXUUX4i3ubz02gtza/Sup3mcQfma/PW0JTHkTAQ/KWsGQ/2UDCl8, line 1: unreachable code after return statement
JavaScript warning: https://www.stepstone.de/mNryyHYAXUUX4i3ubz02gtza/Sup3mcQfma/PW0JTHkTAQ/KWsGQ/2UDCl8, line 1: WEBGL_debug_renderer_info is deprecated in Firefox and will be removed. Please use RENDERER.
JavaScript warning: https://www.stepstone.de/mNryyHYAXUUX4i3ubz02gtza/Sup3mcQfma/PW0JTHkTAQ/KWsGQ/2UDCl8, line 1: unreachable code after return statement
JavaScript warning: https://www.stepstone.de/mNryyHYAXUUX4i3ubz02gtza/Sup3mcQfma/PW0JTHkTAQ/KWsGQ/2UDCl8, line 1: WEBGL_debug_renderer_info is deprecated in Firefox and will be removed. Please use RENDERER.
JavaScript warning: https://www.stepstone.de/mNryyHYAXUUX4i3ubz02gtza/Sup3mcQfma/PW0JTHkTAQ/KWsGQ/2UDCl8, line 1: unreachable code after return statement
JavaScript warning: https://www.stepstone.de/mNryyHYAXUUX4i3ubz02gtza/Sup3mcQfma/PW0JTHkTAQ/KWsGQ/2UDCl8, line 1: WEBGL_debug_renderer_info is deprecated in Firefox and will be removed. Please use RENDERER.
JavaScript warning: https://www.stepstone.de/mNryyHYAXUUX4i3ubz02gtza/Sup3mcQfma/PW0JTHkTAQ/KWsGQ/2UDCl8, line 1: unreachable code after return statement
JavaScript warning: https://www.stepstone.de/mNryyHYAXUUX4i3ubz02gtza/Sup3mcQfma/PW0JTHkTAQ/KWsGQ/2UDCl8, line 1: WEBGL_debug_renderer_info is deprecated in Firefox and will be removed. Please use RENDERER.
JavaScript warning: https://www.stepstone.de/mNryyHYAXUUX4i3ubz02gtza/Sup3mcQfma/PW0JTHkTAQ/KWsGQ/2UDCl8, line 1: unreachable code after return statement
JavaScript warning: https://www.stepstone.de/mNryyHYAXUUX4i3ubz02gtza/Sup3mcQfma/PW0JTHkTAQ/KWsGQ/2UDCl8, line 1: WEBGL_debug_renderer_info is deprecated in Firefox and will be removed. Please use RENDERER.
JavaScript warning: https://www.stepstone.de/mNryyHYAXUUX4i3ubz02gtza/Sup3mcQfma/PW0JTHkTAQ/KWsGQ/2UDCl8, line 1: unreachable code after return statement
JavaScript warning: https://www.stepstone.de/mNryyHYAXUUX4i3ubz02gtza/Sup3mcQfma/PW0JTHkTAQ/KWsGQ/2UDCl8, line 1: WEBGL_debug_renderer_info is deprecated in Firefox and will be removed. Please use RENDERER.
JavaScript warning: https://www.stepstone.de/mNryyHYAXUUX4i3ubz02gtza/Sup3mcQfma/PW0JTHkTAQ/KWsGQ/2UDCl8, line 1: unreachable code after return statement
JavaScript warning: https://www.stepstone.de/mNryyHYAXUUX4i3ubz02gtza/Sup3mcQfma/PW0JTHkTAQ/KWsGQ/2UDCl8, line 1: WEBGL_debug_renderer_info is deprecated in Firefox and will be removed. Please use RENDERER.
JavaScript warning: https://www.stepstone.de/mNryyHYAXUUX4i3ubz02gtza/Sup3mcQfma/PW0JTHkTAQ/KWsGQ/2UDCl8, line 1: unreachable code after return statement
JavaScript warning: https://www.stepstone.de/mNryyHYAXUUX4i3ubz02gtza/Sup3mcQfma/PW0JTHkTAQ/KWsGQ/2UDCl8, line 1: WEBGL_debug_renderer_info is deprecated in Firefox and will be removed. Please use RENDERER.
JavaScript warning: https://www.stepstone.de/mNryyHYAXUUX4i3ubz02gtza/Sup3mcQfma/PW0JTHkTAQ/KWsGQ/2UDCl8, line 1: unreachable code after return statement
JavaScript warning: https://www.stepstone.de/mNryyHYAXUUX4i3ubz02gtza/Sup3mcQfma/PW0JTHkTAQ/KWsGQ/2UDCl8, line 1: WEBGL_debug_renderer_info is deprecated in Firefox and will be removed. Please use RENDERER.
JavaScript warning: https://www.stepstone.de/mNryyHYAXUUX4i3ubz02gtza/Sup3mcQfma/PW0JTHkTAQ/KWsGQ/2UDCl8, line 1: unreachable code after return statement
JavaScript warning: https://www.stepstone.de/mNryyHYAXUUX4i3ubz02gtza/Sup3mcQfma/PW0JTHkTAQ/KWsGQ/2UDCl8, line 1: WEBGL_debug_renderer_info is deprecated in Firefox and will be removed. Please use RENDERER.
JavaScript warning: https://www.stepstone.de/mNryyHYAXUUX4i3ubz02gtza/Sup3mcQfma/PW0JTHkTAQ/KWsGQ/2UDCl8, line 1: unreachable code after return statement
JavaScript warning: https://www.stepstone.de/mNryyHYAXUUX4i3ubz02gtza/Sup3mcQfma/PW0JTHkTAQ/KWsGQ/2UDCl8, line 1: WEBGL_debug_renderer_info is deprecated in Firefox and will be removed. Please use RENDERER.
JavaScript warning: https://www.stepstone.de/mNryyHYAXUUX4i3ubz02gtza/Sup3mcQfma/PW0JTHkTAQ/KWsGQ/2UDCl8, line 1: unreachable code after return statement
JavaScript warning: https://www.stepstone.de/mNryyHYAXUUX4i3ubz02gtza/Sup3mcQfma/PW0JTHkTAQ/KWsGQ/2UDCl8, line 1: WEBGL_debug_renderer_info is deprecated in Firefox and will be removed. Please use RENDERER.
Exiting due to channel error.
Exiting due to channel error.
Exiting due to channel error.
1680644513703	geckodriver	INFO	Listening on 127.0.0.1:51869
1680644513714	mozrunner::runner	INFO	Running command: "/usr/bin/firefox" "--marionette" "-headless" "--remote-debugging-port" "60939" "--remote-allow-hosts" "localhost" "-no-remote" "-profile" "/tmp/rust_mozprofileggXhNF"
*** You are running in headless mode.
console.warn: services.settings: Ignoring preference override of remote settings server
console.warn: services.settings: Allow by setting MOZ_REMOTE_SETTINGS_DEVTOOLS=1 in the environment
1680644514338	Marionette	INFO	Marionette enabled
1680644514352	Marionette	INFO	Listening on port 35943
Read port: 35943
WebDriver BiDi listening on ws://127.0.0.1:60939
1680644514501	RemoteAgent	WARN	TLS certificate errors will be ignored for this session
[GFX1-]: RenderCompositorSWGL failed mapping default framebuffer, no dt
console.error: ({})
console.warn: SearchSettings: "get: No settings file exists, new profile?" (new NotFoundError("Could not open the file at /tmp/rust_mozprofileggXhNF/search.json.mozlz4", (void 0)))
DevTools listening on ws://127.0.0.1:60939/devtools/browser/49044f22-99af-4c89-9339-007b909d339b
JavaScript warning: https://www.stepstone.de/mNryyHYAXUUX4i3ubz02gtza/Sup3mcQfma/PW0JTHkTAQ/KWsGQ/2UDCl8, line 1: unreachable code after return statement
JavaScript error: https://www.stepstone.de/headerfooter/client-bundle.js?v=2.14.1-626d14c, line 2: ReferenceError: React is not defined
JavaScript warning: https://www.stepstone.de/mNryyHYAXUUX4i3ubz02gtza/Sup3mcQfma/PW0JTHkTAQ/KWsGQ/2UDCl8, line 1: WEBGL_debug_renderer_info is deprecated in Firefox and will be removed. Please use RENDERER.
JavaScript error: https://www.stepstone.de/viewlets/searchbarrenderer/search-bar-renderer/de/1_33_0__0dc6b99/client.js, line 1: ReferenceError: React is not defined
JavaScript error: https://www.stepstone.de/static/ce/job-agent-frontend-apps/client-e976e7c19ed9dbcb72c5.js?aabc6f13c31cc99f3039, line 1: ReferenceError: React is not defined
JavaScript error: https://www.stepstone.de/viewlets/ld/listing-content-provider/de/001443161667acbf804e211f20d91bf76c20/HeaderStepStone.js, line 1: ReferenceError: React is not defined
JavaScript error: https://www.stepstone.de/viewlets/ld/listing-content-provider/de/001443161667acbf804e211f20d91bf76c20/HeroImage.js, line 1: ReferenceError: React is not defined
JavaScript error: https://www.stepstone.de/viewlets/ld/listing-content-provider/de/001443161667acbf804e211f20d91bf76c20/Content.js, line 1: ReferenceError: React is not defined
JavaScript error: https://www.stepstone.de/viewlets/ld/listing-content-provider/de/001443161667acbf804e211f20d91bf76c20/ApplyNowSection.js, line 1: ReferenceError: React is not defined
JavaScript error: https://www.stepstone.de/static/ch/listing-company-content-provider/client-1.10.0-cee42cab4da6a4c93f41.js, line 1: ReferenceError: React is not defined
JavaScript error: https://www.stepstone.de/static/ch/listing-company-content-provider/client-1.10.0-cee42cab4da6a4c93f41.js, line 1: ReferenceError: React is not defined
JavaScript error: https://www.stepstone.de/jobs--Java-Software-Developer-m-f-d-Dortmund-Berlin-NETCONOMY-GmbH--8446582-inline.html, line 668: TypeError: PubSub is undefined
console.error: "update.locale" " file doesn't exist in either the application or GRE directories"
1680645175160	Marionette	INFO	Stopped listening on port 35943
1680645175288	Marionette	INFO	Stopped listening on port 37135
Exiting due to channel error.
Exiting due to channel error.
Exiting due to channel error.
Exiting due to channel error.
Exiting due to channel error.
Exiting due to channel error.
