1677927923124	geckodriver	INFO	Listening on 127.0.0.1:36353
1677927923128	mozrunner::runner	INFO	Running command: "/usr/bin/firefox" "--marionette" "-headless" "--remote-debugging-port" "49175" "--remote-allow-hosts" "localhost" "-no-remote" "-profile" "/tmp/rust_mozprofileQKVcz6"
*** You are running in headless mode.
console.warn: services.settings: Ignoring preference override of remote settings server
console.warn: services.settings: Allow by setting MOZ_REMOTE_SETTINGS_DEVTOOLS=1 in the environment
1677927923497	Marionette	INFO	Marionette enabled
1677927923502	Marionette	INFO	Listening on port 35801
Read port: 35801
WebDriver BiDi listening on ws://127.0.0.1:49175
1677927923602	RemoteAgent	WARN	TLS certificate errors will be ignored for this session
[GFX1-]: RenderCompositorSWGL failed mapping default framebuffer, no dt
console.error: ({})
console.warn: SearchSettings: "get: No settings file exists, new profile?" (new NotFoundError("Could not open the file at /tmp/rust_mozprofileQKVcz6/search.json.mozlz4", (void 0)))
DevTools listening on ws://127.0.0.1:49175/devtools/browser/b1c9661d-08af-4326-84ce-f6d97bf7ba6c
Exiting due to channel error.
Exiting due to channel error.
Exiting due to channel error.
1677928003938	geckodriver	INFO	Listening on 127.0.0.1:34599
1677928003942	mozrunner::runner	INFO	Running command: "/usr/bin/firefox" "--marionette" "-headless" "--remote-debugging-port" "48945" "--remote-allow-hosts" "localhost" "-no-remote" "-profile" "/tmp/rust_mozprofilekKAZHB"
*** You are running in headless mode.
console.warn: services.settings: Ignoring preference override of remote settings server
console.warn: services.settings: Allow by setting MOZ_REMOTE_SETTINGS_DEVTOOLS=1 in the environment
1677928004306	Marionette	INFO	Marionette enabled
1677928004310	Marionette	INFO	Listening on port 38329
Read port: 38329
WebDriver BiDi listening on ws://127.0.0.1:48945
1677928004410	RemoteAgent	WARN	TLS certificate errors will be ignored for this session
[GFX1-]: RenderCompositorSWGL failed mapping default framebuffer, no dt
console.error: ({})
console.warn: SearchSettings: "get: No settings file exists, new profile?" (new NotFoundError("Could not open the file at /tmp/rust_mozprofilekKAZHB/search.json.mozlz4", (void 0)))
DevTools listening on ws://127.0.0.1:48945/devtools/browser/2b56dc71-972f-4176-8b0b-935c7db56850
1677928358399	geckodriver	INFO	Listening on 127.0.0.1:42433
1677928358403	mozrunner::runner	INFO	Running command: "/usr/bin/firefox" "--marionette" "-headless" "--remote-debugging-port" "58945" "--remote-allow-hosts" "localhost" "-no-remote" "-profile" "/tmp/rust_mozprofileoiOzNb"
*** You are running in headless mode.
console.warn: services.settings: Ignoring preference override of remote settings server
console.warn: services.settings: Allow by setting MOZ_REMOTE_SETTINGS_DEVTOOLS=1 in the environment
1677928358781	Marionette	INFO	Marionette enabled
1677928358785	Marionette	INFO	Listening on port 35503
Read port: 35503
WebDriver BiDi listening on ws://127.0.0.1:58945
1677928358894	RemoteAgent	WARN	TLS certificate errors will be ignored for this session
[GFX1-]: RenderCompositorSWGL failed mapping default framebuffer, no dt
console.error: ({})
console.warn: SearchSettings: "get: No settings file exists, new profile?" (new NotFoundError("Could not open the file at /tmp/rust_mozprofileoiOzNb/search.json.mozlz4", (void 0)))
DevTools listening on ws://127.0.0.1:58945/devtools/browser/06b742e3-817a-4e35-82d8-fb158eafcc8d
1677928384912	geckodriver	INFO	Listening on 127.0.0.1:48087
1677928384917	mozrunner::runner	INFO	Running command: "/usr/bin/firefox" "--marionette" "-headless" "--remote-debugging-port" "36635" "--remote-allow-hosts" "localhost" "-no-remote" "-profile" "/tmp/rust_mozprofilesW9Mnw"
*** You are running in headless mode.
console.warn: services.settings: Ignoring preference override of remote settings server
console.warn: services.settings: Allow by setting MOZ_REMOTE_SETTINGS_DEVTOOLS=1 in the environment
1677928385284	Marionette	INFO	Marionette enabled
1677928385290	Marionette	INFO	Listening on port 43199
Read port: 43199
WebDriver BiDi listening on ws://127.0.0.1:36635
1677928385390	RemoteAgent	WARN	TLS certificate errors will be ignored for this session
[GFX1-]: RenderCompositorSWGL failed mapping default framebuffer, no dt
console.error: ({})
console.warn: SearchSettings: "get: No settings file exists, new profile?" (new NotFoundError("Could not open the file at /tmp/rust_mozprofilesW9Mnw/search.json.mozlz4", (void 0)))
DevTools listening on ws://127.0.0.1:36635/devtools/browser/e66acf06-251e-410d-9fec-4f58ab6cd53a
JavaScript warning: https://pagead2.googlesyndication.com/bg/I2AVw-E8vr7fia97GFekWL1oTCJcTvshaudARuK5faA.js line 2 > eval line 4309 > eval line 1 > eval line 1 > eval, line 1: WEBGL_debug_renderer_info is deprecated in Firefox and will be removed. Please use RENDERER.
1677928426378	geckodriver	INFO	Listening on 127.0.0.1:34723
1677928426383	mozrunner::runner	INFO	Running command: "/usr/bin/firefox" "--marionette" "-headless" "--remote-debugging-port" "59407" "--remote-allow-hosts" "localhost" "-no-remote" "-profile" "/tmp/rust_mozprofileUGVdwX"
*** You are running in headless mode.
console.warn: services.settings: Ignoring preference override of remote settings server
console.warn: services.settings: Allow by setting MOZ_REMOTE_SETTINGS_DEVTOOLS=1 in the environment
1677928426771	Marionette	INFO	Marionette enabled
1677928426775	Marionette	INFO	Listening on port 32833
Read port: 32833
WebDriver BiDi listening on ws://127.0.0.1:59407
1677928426883	RemoteAgent	WARN	TLS certificate errors will be ignored for this session
[GFX1-]: RenderCompositorSWGL failed mapping default framebuffer, no dt
console.error: ({})
console.warn: SearchSettings: "get: No settings file exists, new profile?" (new NotFoundError("Could not open the file at /tmp/rust_mozprofileUGVdwX/search.json.mozlz4", (void 0)))
DevTools listening on ws://127.0.0.1:59407/devtools/browser/3c7f1339-1524-44dc-8851-1346ff3bad99
JavaScript warning: https://pagead2.googlesyndication.com/bg/I2AVw-E8vr7fia97GFekWL1oTCJcTvshaudARuK5faA.js line 2 > eval line 2777 > eval line 1 > eval line 1 > eval, line 1: WEBGL_debug_renderer_info is deprecated in Firefox and will be removed. Please use RENDERER.
1677928470478	geckodriver	INFO	Listening on 127.0.0.1:56235
1677928470482	mozrunner::runner	INFO	Running command: "/usr/bin/firefox" "--marionette" "-headless" "--remote-debugging-port" "38749" "--remote-allow-hosts" "localhost" "-no-remote" "-profile" "/tmp/rust_mozprofileZa8zmF"
*** You are running in headless mode.
console.warn: services.settings: Ignoring preference override of remote settings server
console.warn: services.settings: Allow by setting MOZ_REMOTE_SETTINGS_DEVTOOLS=1 in the environment
1677928470857	Marionette	INFO	Marionette enabled
1677928470861	Marionette	INFO	Listening on port 45767
Read port: 45767
WebDriver BiDi listening on ws://127.0.0.1:38749
1677928470968	RemoteAgent	WARN	TLS certificate errors will be ignored for this session
[GFX1-]: RenderCompositorSWGL failed mapping default framebuffer, no dt
console.error: ({})
console.warn: SearchSettings: "get: No settings file exists, new profile?" (new NotFoundError("Could not open the file at /tmp/rust_mozprofileZa8zmF/search.json.mozlz4", (void 0)))
DevTools listening on ws://127.0.0.1:38749/devtools/browser/01e946d8-9df6-4c84-9d04-3470f8489eed
JavaScript error: , line 0: uncaught exception: undefined
JavaScript error: , line 0: uncaught exception: undefined
JavaScript error: , line 0: uncaught exception: undefined
JavaScript error: , line 0: uncaught exception: undefined
JavaScript error: , line 0: uncaught exception: undefined
JavaScript error: , line 0: uncaught exception: undefined
JavaScript error: , line 0: uncaught exception: undefined
JavaScript error: , line 0: uncaught exception: undefined
JavaScript error: , line 0: uncaught exception: undefined
JavaScript error: , line 0: uncaught exception: undefined
JavaScript error: , line 0: uncaught exception: undefined
JavaScript error: , line 0: uncaught exception: undefined
JavaScript error: , line 0: uncaught exception: undefined
JavaScript error: , line 0: uncaught exception: undefined
JavaScript error: , line 0: uncaught exception: undefined
JavaScript error: , line 0: uncaught exception: undefined
JavaScript error: , line 0: uncaught exception: undefined
JavaScript error: , line 0: uncaught exception: undefined
JavaScript error: , line 0: uncaught exception: undefined
JavaScript error: , line 0: uncaught exception: undefined
JavaScript error: , line 0: uncaught exception: undefined
JavaScript error: , line 0: uncaught exception: undefined
JavaScript error: , line 0: uncaught exception: undefined
JavaScript error: , line 0: uncaught exception: undefined
JavaScript error: , line 0: uncaught exception: undefined
JavaScript error: , line 0: uncaught exception: undefined
JavaScript error: , line 0: uncaught exception: undefined
JavaScript error: , line 0: uncaught exception: undefined
JavaScript error: , line 0: uncaught exception: undefined
JavaScript error: , line 0: uncaught exception: undefined
JavaScript error: , line 0: uncaught exception: undefined
JavaScript error: , line 0: uncaught exception: undefined
JavaScript error: , line 0: uncaught exception: undefined
JavaScript error: resource://gre/actors/ContentMetaChild.jsm, line 183: InvalidStateError: JSWindowActorChild.sendAsyncMessage: JSWindowActorChild cannot send at the moment
JavaScript warning: https://pagead2.googlesyndication.com/bg/I2AVw-E8vr7fia97GFekWL1oTCJcTvshaudARuK5faA.js line 2 > eval line 2253 > eval line 1 > eval line 1 > eval, line 1: WEBGL_debug_renderer_info is deprecated in Firefox and will be removed. Please use RENDERER.
JavaScript error: , line 0: uncaught exception: undefined
JavaScript warning: https://pagead2.googlesyndication.com/bg/I2AVw-E8vr7fia97GFekWL1oTCJcTvshaudARuK5faA.js line 2 > eval line 4693 > eval line 1 > eval line 1 > eval, line 1: WEBGL_debug_renderer_info is deprecated in Firefox and will be removed. Please use RENDERER.
JavaScript error: , line 0: uncaught exception: undefined
JavaScript warning: https://pagead2.googlesyndication.com/bg/I2AVw-E8vr7fia97GFekWL1oTCJcTvshaudARuK5faA.js line 2 > eval line 3778 > eval line 1 > eval line 1 > eval, line 1: WEBGL_debug_renderer_info is deprecated in Firefox and will be removed. Please use RENDERER.
1677928691044	Marionette	WARN	Ignoring event 'DOMContentLoaded' because document has an invalid readyState of 'complete'.
JavaScript warning: https://pagead2.googlesyndication.com/bg/I2AVw-E8vr7fia97GFekWL1oTCJcTvshaudARuK5faA.js line 2 > eval line 1709 > eval line 1 > eval line 1 > eval, line 1: WEBGL_debug_renderer_info is deprecated in Firefox and will be removed. Please use RENDERER.
1677928693075	Marionette	INFO	Stopped listening on port 45767
Sandbox: Unexpected EOF, op 0 flags 00 path /proc/cpuinfo
1677931089469	geckodriver	INFO	Listening on 127.0.0.1:60757
1677931089475	mozrunner::runner	INFO	Running command: "/usr/bin/firefox" "--marionette" "-headless" "--remote-debugging-port" "51253" "--remote-allow-hosts" "localhost" "-no-remote" "-profile" "/tmp/rust_mozprofile0DPspc"
*** You are running in headless mode.
console.warn: services.settings: Ignoring preference override of remote settings server
console.warn: services.settings: Allow by setting MOZ_REMOTE_SETTINGS_DEVTOOLS=1 in the environment
1677931089852	Marionette	INFO	Marionette enabled
1677931089857	Marionette	INFO	Listening on port 34305
Read port: 34305
WebDriver BiDi listening on ws://127.0.0.1:51253
1677931089989	RemoteAgent	WARN	TLS certificate errors will be ignored for this session
[GFX1-]: RenderCompositorSWGL failed mapping default framebuffer, no dt
console.error: ({})
console.warn: SearchSettings: "get: No settings file exists, new profile?" (new NotFoundError("Could not open the file at /tmp/rust_mozprofile0DPspc/search.json.mozlz4", (void 0)))
DevTools listening on ws://127.0.0.1:51253/devtools/browser/38eabfac-c7b3-453f-9505-a24dd0815012
JavaScript error: , line 0: uncaught exception: undefined
JavaScript error: , line 0: uncaught exception: undefined
JavaScript error: , line 0: uncaught exception: undefined
JavaScript error: , line 0: uncaught exception: undefined
JavaScript error: , line 0: uncaught exception: undefined
JavaScript error: , line 0: uncaught exception: undefined
JavaScript error: , line 0: uncaught exception: undefined
JavaScript error: , line 0: uncaught exception: undefined
JavaScript error: , line 0: uncaught exception: undefined
JavaScript error: , line 0: uncaught exception: undefined
JavaScript error: , line 0: uncaught exception: undefined
JavaScript error: , line 0: uncaught exception: undefined
JavaScript error: , line 0: uncaught exception: undefined
JavaScript error: , line 0: uncaught exception: undefined
JavaScript error: , line 0: uncaught exception: undefined
JavaScript error: , line 0: uncaught exception: undefined
JavaScript error: , line 0: uncaught exception: undefined
JavaScript error: , line 0: uncaught exception: undefined
JavaScript error: , line 0: uncaught exception: undefined
JavaScript error: , line 0: uncaught exception: undefined
JavaScript warning: https://pagead2.googlesyndication.com/bg/I2AVw-E8vr7fia97GFekWL1oTCJcTvshaudARuK5faA.js line 2 > eval line 4684 > eval line 1 > eval line 1 > eval, line 1: WEBGL_debug_renderer_info is deprecated in Firefox and will be removed. Please use RENDERER.
JavaScript warning: https://pagead2.googlesyndication.com/bg/I2AVw-E8vr7fia97GFekWL1oTCJcTvshaudARuK5faA.js line 2 > eval line 7442 > eval line 1 > eval line 1 > eval, line 1: WEBGL_debug_renderer_info is deprecated in Firefox and will be removed. Please use RENDERER.
JavaScript warning: https://pagead2.googlesyndication.com/bg/I2AVw-E8vr7fia97GFekWL1oTCJcTvshaudARuK5faA.js line 2 > eval line 6057 > eval line 1 > eval line 1 > eval, line 1: WEBGL_debug_renderer_info is deprecated in Firefox and will be removed. Please use RENDERER.
JavaScript warning: https://pagead2.googlesyndication.com/bg/I2AVw-E8vr7fia97GFekWL1oTCJcTvshaudARuK5faA.js line 2 > eval line 212 > eval line 1 > eval line 1 > eval, line 1: WEBGL_debug_renderer_info is deprecated in Firefox and will be removed. Please use RENDERER.
JavaScript warning: https://pagead2.googlesyndication.com/bg/I2AVw-E8vr7fia97GFekWL1oTCJcTvshaudARuK5faA.js line 2 > eval line 1176 > eval line 1 > eval line 1 > eval, line 1: WEBGL_debug_renderer_info is deprecated in Firefox and will be removed. Please use RENDERER.
JavaScript warning: https://pagead2.googlesyndication.com/bg/I2AVw-E8vr7fia97GFekWL1oTCJcTvshaudARuK5faA.js line 2 > eval line 7249 > eval line 1 > eval line 1 > eval, line 1: WEBGL_debug_renderer_info is deprecated in Firefox and will be removed. Please use RENDERER.
JavaScript warning: https://pagead2.googlesyndication.com/bg/I2AVw-E8vr7fia97GFekWL1oTCJcTvshaudARuK5faA.js line 2 > eval line 3689 > eval line 1 > eval line 1 > eval, line 1: WEBGL_debug_renderer_info is deprecated in Firefox and will be removed. Please use RENDERER.
JavaScript warning: https://pagead2.googlesyndication.com/bg/I2AVw-E8vr7fia97GFekWL1oTCJcTvshaudARuK5faA.js line 2 > eval line 2399 > eval line 1 > eval line 1 > eval, line 1: WEBGL_debug_renderer_info is deprecated in Firefox and will be removed. Please use RENDERER.
JavaScript warning: https://pagead2.googlesyndication.com/bg/I2AVw-E8vr7fia97GFekWL1oTCJcTvshaudARuK5faA.js line 2 > eval line 641 > eval line 1 > eval line 1 > eval, line 1: WEBGL_debug_renderer_info is deprecated in Firefox and will be removed. Please use RENDERER.
1677931297869	Marionette	INFO	Stopped listening on port 34305
Sandbox: Unexpected EOF, op 0 flags 00 path /proc/cpuinfo
1677931621585	geckodriver	INFO	Listening on 127.0.0.1:55079
1677931622099	mozrunner::runner	INFO	Running command: "/usr/bin/firefox" "--marionette" "-headless" "--remote-debugging-port" "36703" "--remote-allow-hosts" "localhost" "-no-remote" "-profile" "/tmp/rust_mozprofileQGjdt2"
*** You are running in headless mode.
console.warn: services.settings: Ignoring preference override of remote settings server
console.warn: services.settings: Allow by setting MOZ_REMOTE_SETTINGS_DEVTOOLS=1 in the environment
1677931622541	Marionette	INFO	Marionette enabled
1677931622546	Marionette	INFO	Listening on port 45205
Read port: 45205
WebDriver BiDi listening on ws://127.0.0.1:36703
1677931622655	RemoteAgent	WARN	TLS certificate errors will be ignored for this session
[GFX1-]: RenderCompositorSWGL failed mapping default framebuffer, no dt
console.error: ({})
console.warn: SearchSettings: "get: No settings file exists, new profile?" (new NotFoundError("Could not open the file at /tmp/rust_mozprofileQGjdt2/search.json.mozlz4", (void 0)))
DevTools listening on ws://127.0.0.1:36703/devtools/browser/ff43d848-7b29-427e-9c7e-4a8e711985a6
JavaScript error: , line 0: uncaught exception: undefined
JavaScript error: , line 0: uncaught exception: undefined
JavaScript error: , line 0: uncaught exception: undefined
JavaScript error: , line 0: uncaught exception: undefined
JavaScript error: , line 0: uncaught exception: undefined
JavaScript error: , line 0: uncaught exception: undefined
JavaScript error: , line 0: uncaught exception: undefined
JavaScript error: , line 0: uncaught exception: undefined
JavaScript error: , line 0: uncaught exception: undefined
JavaScript error: , line 0: uncaught exception: undefined
JavaScript error: , line 0: uncaught exception: undefined
JavaScript error: , line 0: uncaught exception: undefined
JavaScript error: , line 0: uncaught exception: undefined
JavaScript error: , line 0: uncaught exception: undefined
JavaScript error: , line 0: uncaught exception: undefined
JavaScript error: , line 0: uncaught exception: undefined
JavaScript error: , line 0: uncaught exception: undefined
JavaScript error: , line 0: uncaught exception: undefined
JavaScript error: , line 0: uncaught exception: undefined
JavaScript error: , line 0: uncaught exception: undefined
JavaScript error: , line 0: uncaught exception: undefined
JavaScript error: , line 0: uncaught exception: undefined
JavaScript error: , line 0: uncaught exception: undefined
JavaScript error: , line 0: uncaught exception: undefined
JavaScript error: , line 0: uncaught exception: undefined
JavaScript warning: https://pagead2.googlesyndication.com/bg/I2AVw-E8vr7fia97GFekWL1oTCJcTvshaudARuK5faA.js line 2 > eval line 5957 > eval line 1 > eval line 1 > eval, line 1: WEBGL_debug_renderer_info is deprecated in Firefox and will be removed. Please use RENDERER.
1677931785423	Marionette	WARN	Ignoring event 'DOMContentLoaded' because document has an invalid readyState of 'complete'.
JavaScript warning: https://pagead2.googlesyndication.com/bg/I2AVw-E8vr7fia97GFekWL1oTCJcTvshaudARuK5faA.js line 2 > eval line 1268 > eval line 1 > eval line 1 > eval, line 1: WEBGL_debug_renderer_info is deprecated in Firefox and will be removed. Please use RENDERER.
JavaScript warning: https://pagead2.googlesyndication.com/bg/I2AVw-E8vr7fia97GFekWL1oTCJcTvshaudARuK5faA.js line 2 > eval line 723 > eval line 1 > eval line 1 > eval, line 1: WEBGL_debug_renderer_info is deprecated in Firefox and will be removed. Please use RENDERER.
JavaScript warning: https://pagead2.googlesyndication.com/bg/I2AVw-E8vr7fia97GFekWL1oTCJcTvshaudARuK5faA.js line 2 > eval line 1005 > eval line 1 > eval line 1 > eval, line 1: WEBGL_debug_renderer_info is deprecated in Firefox and will be removed. Please use RENDERER.
JavaScript warning: https://pagead2.googlesyndication.com/bg/I2AVw-E8vr7fia97GFekWL1oTCJcTvshaudARuK5faA.js line 2 > eval line 6974 > eval line 1 > eval line 1 > eval, line 1: WEBGL_debug_renderer_info is deprecated in Firefox and will be removed. Please use RENDERER.
JavaScript warning: https://pagead2.googlesyndication.com/bg/I2AVw-E8vr7fia97GFekWL1oTCJcTvshaudARuK5faA.js line 2 > eval line 1065 > eval line 1 > eval line 1 > eval, line 1: WEBGL_debug_renderer_info is deprecated in Firefox and will be removed. Please use RENDERER.
JavaScript warning: https://pagead2.googlesyndication.com/bg/I2AVw-E8vr7fia97GFekWL1oTCJcTvshaudARuK5faA.js line 2 > eval line 477 > eval line 1 > eval line 1 > eval, line 1: WEBGL_debug_renderer_info is deprecated in Firefox and will be removed. Please use RENDERER.
JavaScript warning: https://pagead2.googlesyndication.com/bg/I2AVw-E8vr7fia97GFekWL1oTCJcTvshaudARuK5faA.js line 2 > eval line 7300 > eval line 1 > eval line 1 > eval, line 1: WEBGL_debug_renderer_info is deprecated in Firefox and will be removed. Please use RENDERER.
JavaScript warning: https://pagead2.googlesyndication.com/bg/I2AVw-E8vr7fia97GFekWL1oTCJcTvshaudARuK5faA.js line 2 > eval line 728 > eval line 1 > eval line 1 > eval, line 1: WEBGL_debug_renderer_info is deprecated in Firefox and will be removed. Please use RENDERER.
JavaScript warning: https://pagead2.googlesyndication.com/bg/I2AVw-E8vr7fia97GFekWL1oTCJcTvshaudARuK5faA.js line 2 > eval line 7480 > eval line 1 > eval line 1 > eval, line 1: WEBGL_debug_renderer_info is deprecated in Firefox and will be removed. Please use RENDERER.
1677931858084	Marionette	INFO	Stopped listening on port 45205
Sandbox: Unexpected EOF, op 0 flags 00 path /proc/cpuinfo
1677940124892	geckodriver	INFO	Listening on 127.0.0.1:40875
1677940124896	mozrunner::runner	INFO	Running command: "/usr/bin/firefox" "--marionette" "-headless" "--remote-debugging-port" "39781" "--remote-allow-hosts" "localhost" "-no-remote" "-profile" "/tmp/rust_mozprofileZbBh8X"
*** You are running in headless mode.
console.warn: services.settings: Ignoring preference override of remote settings server
console.warn: services.settings: Allow by setting MOZ_REMOTE_SETTINGS_DEVTOOLS=1 in the environment
1677940125309	Marionette	INFO	Marionette enabled
1677940125314	Marionette	INFO	Listening on port 42897
Read port: 42897
WebDriver BiDi listening on ws://127.0.0.1:39781
1677940125446	RemoteAgent	WARN	TLS certificate errors will be ignored for this session
Exiting due to channel error.
1677943800440	geckodriver	INFO	Listening on 127.0.0.1:37345
1677943800444	mozrunner::runner	INFO	Running command: "/usr/bin/firefox" "--marionette" "-headless" "--remote-debugging-port" "38351" "--remote-allow-hosts" "localhost" "-no-remote" "-profile" "/tmp/rust_mozprofileFUbWAV"
*** You are running in headless mode.
console.warn: services.settings: Ignoring preference override of remote settings server
console.warn: services.settings: Allow by setting MOZ_REMOTE_SETTINGS_DEVTOOLS=1 in the environment
1677943800831	Marionette	INFO	Marionette enabled
1677943800836	Marionette	INFO	Listening on port 33581
Read port: 33581
WebDriver BiDi listening on ws://127.0.0.1:38351
1677943800945	RemoteAgent	WARN	TLS certificate errors will be ignored for this session
[GFX1-]: RenderCompositorSWGL failed mapping default framebuffer, no dt
console.error: ({})
console.warn: SearchSettings: "get: No settings file exists, new profile?" (new NotFoundError("Could not open the file at /tmp/rust_mozprofileFUbWAV/search.json.mozlz4", (void 0)))
DevTools listening on ws://127.0.0.1:38351/devtools/browser/de0cda6a-cc8e-481c-bd67-6ee7692b4be0
Exiting due to channel error.
Exiting due to channel error.
Exiting due to channel error.
1677943828890	geckodriver	INFO	Listening on 127.0.0.1:42793
1677943828894	mozrunner::runner	INFO	Running command: "/usr/bin/firefox" "--marionette" "-headless" "--remote-debugging-port" "53109" "--remote-allow-hosts" "localhost" "-no-remote" "-profile" "/tmp/rust_mozprofilesUfm3A"
*** You are running in headless mode.
console.warn: services.settings: Ignoring preference override of remote settings server
console.warn: services.settings: Allow by setting MOZ_REMOTE_SETTINGS_DEVTOOLS=1 in the environment
1677943829284	Marionette	INFO	Marionette enabled
1677943829289	Marionette	INFO	Listening on port 34583
Read port: 34583
WebDriver BiDi listening on ws://127.0.0.1:53109
1677943829396	RemoteAgent	WARN	TLS certificate errors will be ignored for this session
[GFX1-]: RenderCompositorSWGL failed mapping default framebuffer, no dt
console.error: ({})
console.warn: SearchSettings: "get: No settings file exists, new profile?" (new NotFoundError("Could not open the file at /tmp/rust_mozprofilesUfm3A/search.json.mozlz4", (void 0)))
DevTools listening on ws://127.0.0.1:53109/devtools/browser/7b21877a-1cfd-4f5c-ad0a-c5a1a9c77ea6
Exiting due to channel error.
Exiting due to channel error.
Exiting due to channel error.
1677943841640	geckodriver	INFO	Listening on 127.0.0.1:35523
1677943841645	mozrunner::runner	INFO	Running command: "/usr/bin/firefox" "--marionette" "-headless" "--remote-debugging-port" "49985" "--remote-allow-hosts" "localhost" "-no-remote" "-profile" "/tmp/rust_mozprofileQv6cSh"
*** You are running in headless mode.
console.warn: services.settings: Ignoring preference override of remote settings server
console.warn: services.settings: Allow by setting MOZ_REMOTE_SETTINGS_DEVTOOLS=1 in the environment
1677943842032	Marionette	INFO	Marionette enabled
1677943842036	Marionette	INFO	Listening on port 38663
Read port: 38663
WebDriver BiDi listening on ws://127.0.0.1:49985
1677943842152	RemoteAgent	WARN	TLS certificate errors will be ignored for this session
[GFX1-]: RenderCompositorSWGL failed mapping default framebuffer, no dt
console.error: ({})
console.warn: SearchSettings: "get: No settings file exists, new profile?" (new NotFoundError("Could not open the file at /tmp/rust_mozprofileQv6cSh/search.json.mozlz4", (void 0)))
DevTools listening on ws://127.0.0.1:49985/devtools/browser/d8efde6b-3cda-4676-8aec-65d8e75a93f2
Exiting due to channel error.
Exiting due to channel error.
Exiting due to channel error.
1677944394980	geckodriver	INFO	Listening on 127.0.0.1:60437
1677944394985	mozrunner::runner	INFO	Running command: "/usr/bin/firefox" "--marionette" "-headless" "--remote-debugging-port" "51929" "--remote-allow-hosts" "localhost" "-no-remote" "-profile" "/tmp/rust_mozprofileaDdxsb"
*** You are running in headless mode.
console.warn: services.settings: Ignoring preference override of remote settings server
console.warn: services.settings: Allow by setting MOZ_REMOTE_SETTINGS_DEVTOOLS=1 in the environment
1677944395360	Marionette	INFO	Marionette enabled
1677944395365	Marionette	INFO	Listening on port 34337
Read port: 34337
WebDriver BiDi listening on ws://127.0.0.1:51929
1677944395471	RemoteAgent	WARN	TLS certificate errors will be ignored for this session
[GFX1-]: RenderCompositorSWGL failed mapping default framebuffer, no dt
console.error: ({})
console.warn: SearchSettings: "get: No settings file exists, new profile?" (new NotFoundError("Could not open the file at /tmp/rust_mozprofileaDdxsb/search.json.mozlz4", (void 0)))
DevTools listening on ws://127.0.0.1:51929/devtools/browser/96b47c41-5de9-46c8-8c5a-fbc9855c6f31
Exiting due to channel error.
Exiting due to channel error.
Exiting due to channel error.
1677946061571	geckodriver	INFO	Listening on 127.0.0.1:37641
1677946061575	mozrunner::runner	INFO	Running command: "/usr/bin/firefox" "--marionette" "-headless" "--remote-debugging-port" "43497" "--remote-allow-hosts" "localhost" "-no-remote" "-profile" "/tmp/rust_mozprofilenolJGi"
*** You are running in headless mode.
console.warn: services.settings: Ignoring preference override of remote settings server
console.warn: services.settings: Allow by setting MOZ_REMOTE_SETTINGS_DEVTOOLS=1 in the environment
1677946061951	Marionette	INFO	Marionette enabled
1677946061956	Marionette	INFO	Listening on port 34207
Read port: 34207
WebDriver BiDi listening on ws://127.0.0.1:43497
1677946062060	RemoteAgent	WARN	TLS certificate errors will be ignored for this session
[GFX1-]: RenderCompositorSWGL failed mapping default framebuffer, no dt
console.error: ({})
console.warn: SearchSettings: "get: No settings file exists, new profile?" (new NotFoundError("Could not open the file at /tmp/rust_mozprofilenolJGi/search.json.mozlz4", (void 0)))
DevTools listening on ws://127.0.0.1:43497/devtools/browser/bb05c9b9-a3e8-453c-8605-93af901ac126
Exiting due to channel error.
Exiting due to channel error.
Exiting due to channel error.
